Vivado Simulator v2023.2
Copyright 1986-2022 Xilinx, Inc. All Rights Reserved.
Copyright 2022-2023 Advanced Micro Devices, Inc. All Rights Reserved.
Running: D:/Vivado/2023.2/bin/unwrapped/win64.o/xelab.exe --incr --debug typical --relax --mt 2 -L xil_defaultlib -L unisims_ver -L unimacro_ver -L secureip --snapshot TOP_tb_behav xil_defaultlib.TOP_tb xil_defaultlib.glbl -log elaborate.log 
Using 2 slave threads.
Starting static elaboration
Pass Through NonSizing Optimizer
WARNING: [VRFC 10-5021] port 'if_rs' is not connected on this instance [D:/pj/PROJECT/PROJECT.srcs/sources_1/new/TOP.v:166]
Completed static elaboration
Starting simulation data flow analysis
Completed simulation data flow analysis
Time Resolution for simulation is 1ps
Compiling module xil_defaultlib.ADD_PC
Compiling module xil_defaultlib.MUX_PC
Compiling module xil_defaultlib.PC
Compiling module xil_defaultlib.PC_System
Compiling module xil_defaultlib.IM
Compiling module xil_defaultlib.IF_Stage
Compiling module xil_defaultlib.IF_ID_Register
Compiling module xil_defaultlib.control_unit
Compiling module xil_defaultlib.hazard_detection_unit
Compiling module xil_defaultlib.MUX_Hazard
Compiling module xil_defaultlib.sign_extend
Compiling module xil_defaultlib.registers_file
Compiling module xil_defaultlib.ID_Stage
Compiling module xil_defaultlib.ID_EX_Register
Compiling module xil_defaultlib.Forwarding_Unit
Compiling module xil_defaultlib.MUX_3_to_1
Compiling module xil_defaultlib.MUX_ALU
Compiling module xil_defaultlib.ALU
Compiling module xil_defaultlib.ALU_System
Compiling module xil_defaultlib.EX_Stage
Compiling module xil_defaultlib.EX_MEM_Register
Compiling module xil_defaultlib.data_memory
Compiling module xil_defaultlib.MEM_Stage
Compiling module xil_defaultlib.MEM_WB_Register
Compiling module xil_defaultlib.MUX_DataMemory
Compiling module xil_defaultlib.WRITEBACK_Stage
Compiling module xil_defaultlib.TOP
Compiling module xil_defaultlib.TOP_tb
Compiling module xil_defaultlib.glbl
Built simulation snapshot TOP_tb_behav
