Time resolution is 1 ps
[IM] Loaded program.mem into instruction memory
[MUX_PC] WARNING: pc_plus is X/Z!

===============================================================
               CYCLE 1 (Time=25000)
===============================================================
IF STAGE:
  PC = 0x0000 | Instruction = 0x3ec3
  pc next = 0x0002 | branch taken = 0 | jump = 0 | PCSrc = 00
ID STAGE:
  PC = 0x0000 | Instruction = 0xc000
  RS = R0 | RT = R0 | RD = R0
  RD1 = 0x0000 | RD2 = 0x0000
  Control: RegWrite=0 MemRead=0 MemWrite=0 ALUSrc=0 ALUCount=111111 w_spec_regs=10
  Address = 0000
 regFile 0000
EX STAGE:
  PC = 0x0000
  RS = R0 | RT = R0 | RD = R0
  Operand1 = 0x0000 | Operand2 = 0x0000
  signed_op1 = 0x0000 | signed_op2 = 0x0000
  ALU Result = 0xxxxx | Zero = 0
  Forward: A=00 B=00
  w_spec_regs=10
  hi = 0 | lo = 0
  branch_target = 0000 | PCSrc = 00
MEM STAGE:
  PC = 0x0000
  ALU Result = 0x0000 | Write Reg = R0
  Memory: Read=0 Write=0 | Data = 0x0000
  Read Data = 0x0000
  Reg_write = 0 | w_spec_regs=10
  branch_target = 0000 | PCSrc = 00
WB STAGE:
  Write Reg = R0 | Write Data = 0x0000
  RegWrite = 0 | MemToReg = 0
  Halt = 0
  w_spec_regs=10
FINAL RESULT = 0x0000 (0)
===============================================================

===============================================================
               CYCLE 2 (Time=35000)
===============================================================
IF STAGE:
  PC = 0x0002 | Instruction = 0x3f04
  pc next = 0x0004 | branch taken = 0 | jump = 0 | PCSrc = 00
ID STAGE:
  PC = 0x0000 | Instruction = 0x3ec3
  RS = R7 | RT = R3 | RD = R0
  RD1 = 0x0000 | RD2 = 0x0000
  Control: RegWrite=1 MemRead=0 MemWrite=0 ALUSrc=1 ALUCount=101000 w_spec_regs=10
  Address = 0006
 regFile 0000
EX STAGE:
  PC = 0x0000
  RS = R0 | RT = R0 | RD = R0
  Operand1 = 0x0000 | Operand2 = 0x0000
  signed_op1 = 0x0000 | signed_op2 = 0x0000
  ALU Result = 0xxxxx | Zero = 0
  Forward: A=00 B=00
  w_spec_regs=10
  hi = 0 | lo = 0
  branch_target = 0000 | PCSrc = 00
MEM STAGE:
  PC = 0x0000
  ALU Result = 0xxxxx | Write Reg = R0
  Memory: Read=0 Write=0 | Data = 0x0000
  Read Data = 0x0000
  Reg_write = 0 | w_spec_regs=10
  branch_target = 0000 | PCSrc = 00
WB STAGE:
  Write Reg = R0 | Write Data = 0x0000
  RegWrite = 0 | MemToReg = 0
  Halt = 0
  w_spec_regs=10
FINAL RESULT = 0x0000 (0)
===============================================================

===============================================================
               CYCLE 3 (Time=45000)
===============================================================
IF STAGE:
  PC = 0x0004 | Instruction = 0xb0c4
  pc next = 0x0006 | branch taken = 0 | jump = 0 | PCSrc = 00
ID STAGE:
  PC = 0x0002 | Instruction = 0x3f04
  RS = R7 | RT = R4 | RD = R0
  RD1 = 0x0000 | RD2 = 0x0000
  Control: RegWrite=1 MemRead=0 MemWrite=0 ALUSrc=1 ALUCount=101000 w_spec_regs=10
  Address = 000a
 regFile 0000
EX STAGE:
  PC = 0x0000
  RS = R7 | RT = R3 | RD = R3
  Operand1 = 0x0000 | Operand2 = 0x0000
  signed_op1 = 0x0000 | signed_op2 = 0x0003
  ALU Result = 0x0003 | Zero = 0
  Forward: A=00 B=00
  w_spec_regs=10
  hi = 0 | lo = 0
  branch_target = 0006 | PCSrc = 00
MEM STAGE:
  PC = 0x0000
  ALU Result = 0xxxxx | Write Reg = R0
  Memory: Read=0 Write=0 | Data = 0x0000
  Read Data = 0x0000
  Reg_write = 0 | w_spec_regs=10
  branch_target = 0000 | PCSrc = 00
WB STAGE:
  Write Reg = R0 | Write Data = 0xxxxx
  RegWrite = 0 | MemToReg = 0
  Halt = 0
  w_spec_regs=10
FINAL RESULT = 0xxxxx (x)
===============================================================

===============================================================
               CYCLE 4 (Time=55000)
===============================================================
IF STAGE:
  PC = 0x0006 | Instruction = 0xb105
  pc next = 0x0008 | branch taken = 0 | jump = 0 | PCSrc = 00
ID STAGE:
  PC = 0x0004 | Instruction = 0xb0c4
  RS = R0 | RT = R3 | RD = R0
  RD1 = 0x0000 | RD2 = 0x0000
  Control: RegWrite=0 MemRead=0 MemWrite=0 ALUSrc=0 ALUCount=100100 w_spec_regs=10
  Address = 000c
 regFile 0000
EX STAGE:
  PC = 0x0002
  RS = R7 | RT = R4 | RD = R4
  Operand1 = 0x0000 | Operand2 = 0x0000
  signed_op1 = 0x0000 | signed_op2 = 0x0004
  ALU Result = 0x0004 | Zero = 0
  Forward: A=00 B=00
  w_spec_regs=10
  hi = 0 | lo = 0
  branch_target = 000a | PCSrc = 00
MEM STAGE:
  PC = 0x0000
  ALU Result = 0x0003 | Write Reg = R3
  Memory: Read=0 Write=0 | Data = 0x0000
  Read Data = 0x0000
  Reg_write = 1 | w_spec_regs=10
  branch_target = 0000 | PCSrc = 00
WB STAGE:
  Write Reg = R0 | Write Data = 0xxxxx
  RegWrite = 0 | MemToReg = 0
  Halt = 0
  w_spec_regs=10
FINAL RESULT = 0xxxxx (x)
===============================================================

===============================================================
               CYCLE 5 (Time=65000)
===============================================================
IF STAGE:
  PC = 0x0008 | Instruction = 0xa024
  pc next = 0x000a | branch taken = 0 | jump = 0 | PCSrc = 00
ID STAGE:
  PC = 0x0006 | Instruction = 0xb105
  RS = R0 | RT = R4 | RD = R0
  RD1 = 0x0000 | RD2 = 0x0000
  Control: RegWrite=0 MemRead=0 MemWrite=0 ALUSrc=0 ALUCount=100101 w_spec_regs=10
  Address = 0010
 regFile 0000
EX STAGE:
  PC = 0x0004
  RS = R0 | RT = R3 | RD = R0
  Operand1 = 0x0000 | Operand2 = 0x0000
  signed_op1 = 0x0000 | signed_op2 = 0x0003
  ALU Result = 0x0000 | Zero = 0
  Forward: A=00 B=01
  w_spec_regs=10
  hi = 3 | lo = 0
  branch_target = 000c | PCSrc = 00
MEM STAGE:
  PC = 0x0002
  ALU Result = 0x0004 | Write Reg = R4
  Memory: Read=0 Write=0 | Data = 0x0000
  Read Data = 0x0000
  Reg_write = 1 | w_spec_regs=10
  branch_target = 0000 | PCSrc = 00
WB STAGE:
  Write Reg = R3 | Write Data = 0x0003
  RegWrite = 1 | MemToReg = 0
  Halt = 0
  w_spec_regs=10
FINAL RESULT = 0x0003 (3)
===============================================================
>>> Register Write: R3 <= 0x0003

===============================================================
               CYCLE 6 (Time=75000)
===============================================================
IF STAGE:
  PC = 0x000a | Instruction = 0xa025
  pc next = 0x000c | branch taken = 0 | jump = 0 | PCSrc = 00
ID STAGE:
  PC = 0x0008 | Instruction = 0xa024
  RS = R0 | RT = R0 | RD = R4
  RD1 = 0x0000 | RD2 = 0x0000
  Control: RegWrite=1 MemRead=0 MemWrite=0 ALUSrc=0 ALUCount=011100 w_spec_regs=10
  Address = ffd0
 regFile 0000
EX STAGE:
  PC = 0x0006
  RS = R0 | RT = R4 | RD = R0
  Operand1 = 0x0000 | Operand2 = 0x0000
  signed_op1 = 0x0000 | signed_op2 = 0x0004
  ALU Result = 0x0000 | Zero = 0
  Forward: A=00 B=01
  w_spec_regs=10
  hi = 3 | lo = 4
  branch_target = 0010 | PCSrc = 00
MEM STAGE:
  PC = 0x0004
  ALU Result = 0x0000 | Write Reg = R0
  Memory: Read=0 Write=0 | Data = 0x0003
  Read Data = 0x0000
  Reg_write = 0 | w_spec_regs=10
  branch_target = 0000 | PCSrc = 00
WB STAGE:
  Write Reg = R4 | Write Data = 0x0004
  RegWrite = 1 | MemToReg = 0
  Halt = 0
  w_spec_regs=10
FINAL RESULT = 0x0004 (4)
===============================================================
>>> Register Write: R4 <= 0x0004

===============================================================
               CYCLE 7 (Time=85000)
===============================================================
IF STAGE:
  PC = 0x000c | Instruction = 0xxxxx
  pc next = 0x000e | branch taken = 0 | jump = 0 | PCSrc = 00
ID STAGE:
  PC = 0x000a | Instruction = 0xa025
  RS = R0 | RT = R0 | RD = R4
  RD1 = 0x0000 | RD2 = 0x0000
  Control: RegWrite=1 MemRead=0 MemWrite=0 ALUSrc=0 ALUCount=011101 w_spec_regs=10
  Address = ffd4
 regFile 0000
EX STAGE:
  PC = 0x0008
  RS = R0 | RT = R0 | RD = R4
  Operand1 = 0x0000 | Operand2 = 0x0000
  signed_op1 = 0x0000 | signed_op2 = 0x0000
  ALU Result = 0x0003 | Zero = 0
  Forward: A=00 B=00
  w_spec_regs=10
  hi = 3 | lo = 4
  branch_target = ffd0 | PCSrc = 00
MEM STAGE:
  PC = 0x0006
  ALU Result = 0x0000 | Write Reg = R0
  Memory: Read=0 Write=0 | Data = 0x0004
  Read Data = 0x0000
  Reg_write = 0 | w_spec_regs=10
  branch_target = 0000 | PCSrc = 00
WB STAGE:
  Write Reg = R0 | Write Data = 0x0000
  RegWrite = 0 | MemToReg = 0
  Halt = 0
  w_spec_regs=10
FINAL RESULT = 0x0000 (0)
===============================================================

===============================================================
               CYCLE 8 (Time=95000)
===============================================================
IF STAGE:
  PC = 0x000e | Instruction = 0xxxxx
  pc next = 0x0010 | branch taken = 0 | jump = 0 | PCSrc = 00
ID STAGE:
  PC = 0x000c | Instruction = 0xxxxx
  RS = Rx | RT = Rx | RD = Rx
  RD1 = 0xxxxx | RD2 = 0xxxxx
  Control: RegWrite=0 MemRead=0 MemWrite=0 ALUSrc=0 ALUCount=111111 w_spec_regs=10
  Address = xxxx
 regFile 0000
EX STAGE:
  PC = 0x000a
  RS = R0 | RT = R0 | RD = R4
  Operand1 = 0x0000 | Operand2 = 0x0000
  signed_op1 = 0x0000 | signed_op2 = 0x0000
  ALU Result = 0x0004 | Zero = 0
  Forward: A=00 B=00
  w_spec_regs=10
  hi = 3 | lo = 4
  branch_target = ffd4 | PCSrc = 00
MEM STAGE:
  PC = 0x0008
  ALU Result = 0x0003 | Write Reg = R4
  Memory: Read=0 Write=0 | Data = 0x0000
  Read Data = 0x0000
  Reg_write = 1 | w_spec_regs=10
  branch_target = 0000 | PCSrc = 00
WB STAGE:
  Write Reg = R0 | Write Data = 0x0000
  RegWrite = 0 | MemToReg = 0
  Halt = 0
  w_spec_regs=10
FINAL RESULT = 0x0000 (0)
===============================================================

===============================================================
               CYCLE 9 (Time=105000)
===============================================================
IF STAGE:
  PC = 0x0010 | Instruction = 0xxxxx
  pc next = 0x0012 | branch taken = 0 | jump = 0 | PCSrc = 00
ID STAGE:
  PC = 0x000e | Instruction = 0xxxxx
  RS = Rx | RT = Rx | RD = Rx
  RD1 = 0xxxxx | RD2 = 0xxxxx
  Control: RegWrite=0 MemRead=0 MemWrite=0 ALUSrc=0 ALUCount=111111 w_spec_regs=10
  Address = xxxx
 regFile 0000
EX STAGE:
  PC = 0x000c
  RS = Rx | RT = Rx | RD = Rx
  Operand1 = 0xxxxx | Operand2 = 0xxxxx
  signed_op1 = 0xxxxx | signed_op2 = 0xxxxx
  ALU Result = 0xxxxx | Zero = 0
  Forward: A=00 B=00
  w_spec_regs=10
  hi = 3 | lo = 4
  branch_target = xxxx | PCSrc = 00
MEM STAGE:
  PC = 0x000a
  ALU Result = 0x0004 | Write Reg = R4
  Memory: Read=0 Write=0 | Data = 0x0000
  Read Data = 0x0000
  Reg_write = 1 | w_spec_regs=10
  branch_target = xxxx | PCSrc = 00
WB STAGE:
  Write Reg = R4 | Write Data = 0x0003
  RegWrite = 1 | MemToReg = 0
  Halt = 0
  w_spec_regs=10
FINAL RESULT = 0x0003 (3)
===============================================================
>>> Register Write: R4 <= 0x0003

===============================================================
               CYCLE 10 (Time=115000)
===============================================================
IF STAGE:
  PC = 0x0012 | Instruction = 0xxxxx
  pc next = 0x0014 | branch taken = 0 | jump = 0 | PCSrc = 00
ID STAGE:
  PC = 0x0010 | Instruction = 0xxxxx
  RS = Rx | RT = Rx | RD = Rx
  RD1 = 0xxxxx | RD2 = 0xxxxx
  Control: RegWrite=0 MemRead=0 MemWrite=0 ALUSrc=0 ALUCount=111111 w_spec_regs=10
  Address = xxxx
 regFile 0000
EX STAGE:
  PC = 0x000e
  RS = Rx | RT = Rx | RD = Rx
  Operand1 = 0xxxxx | Operand2 = 0xxxxx
  signed_op1 = 0xxxxx | signed_op2 = 0xxxxx
  ALU Result = 0xxxxx | Zero = 0
  Forward: A=00 B=00
  w_spec_regs=10
  hi = 3 | lo = 4
  branch_target = xxxx | PCSrc = 00
MEM STAGE:
  PC = 0x000c
  ALU Result = 0xxxxx | Write Reg = Rx
  Memory: Read=0 Write=0 | Data = 0xxxxx
  Read Data = 0x0000
  Reg_write = 0 | w_spec_regs=10
  branch_target = xxxx | PCSrc = 00
WB STAGE:
  Write Reg = R4 | Write Data = 0x0004
  RegWrite = 1 | MemToReg = 0
  Halt = 0
  w_spec_regs=10
FINAL RESULT = 0x0004 (4)
===============================================================
>>> Register Write: R4 <= 0x0004

===============================================================
               CYCLE 11 (Time=125000)
===============================================================
IF STAGE:
  PC = 0x0014 | Instruction = 0xxxxx
  pc next = 0x0016 | branch taken = 0 | jump = 0 | PCSrc = 00
ID STAGE:
  PC = 0x0012 | Instruction = 0xxxxx
  RS = Rx | RT = Rx | RD = Rx
  RD1 = 0xxxxx | RD2 = 0xxxxx
  Control: RegWrite=0 MemRead=0 MemWrite=0 ALUSrc=0 ALUCount=111111 w_spec_regs=10
  Address = xxxx
 regFile 0000
EX STAGE:
  PC = 0x0010
  RS = Rx | RT = Rx | RD = Rx
  Operand1 = 0xxxxx | Operand2 = 0xxxxx
  signed_op1 = 0xxxxx | signed_op2 = 0xxxxx
  ALU Result = 0xxxxx | Zero = 0
  Forward: A=00 B=00
  w_spec_regs=10
  hi = 3 | lo = 4
  branch_target = xxxx | PCSrc = 00
MEM STAGE:
  PC = 0x000e
  ALU Result = 0xxxxx | Write Reg = Rx
  Memory: Read=0 Write=0 | Data = 0xxxxx
  Read Data = 0x0000
  Reg_write = 0 | w_spec_regs=10
  branch_target = xxxx | PCSrc = 00
WB STAGE:
  Write Reg = Rx | Write Data = 0xxxxx
  RegWrite = 0 | MemToReg = 0
  Halt = 0
  w_spec_regs=10
FINAL RESULT = 0xxxxx (x)
===============================================================

===============================================================
               CYCLE 12 (Time=135000)
===============================================================
IF STAGE:
  PC = 0x0016 | Instruction = 0xxxxx
  pc next = 0x0018 | branch taken = 0 | jump = 0 | PCSrc = 00
ID STAGE:
  PC = 0x0014 | Instruction = 0xxxxx
  RS = Rx | RT = Rx | RD = Rx
  RD1 = 0xxxxx | RD2 = 0xxxxx
  Control: RegWrite=0 MemRead=0 MemWrite=0 ALUSrc=0 ALUCount=111111 w_spec_regs=10
  Address = xxxx
 regFile 0000
EX STAGE:
  PC = 0x0012
  RS = Rx | RT = Rx | RD = Rx
  Operand1 = 0xxxxx | Operand2 = 0xxxxx
  signed_op1 = 0xxxxx | signed_op2 = 0xxxxx
  ALU Result = 0xxxxx | Zero = 0
  Forward: A=00 B=00
  w_spec_regs=10
  hi = 3 | lo = 4
  branch_target = xxxx | PCSrc = 00
MEM STAGE:
  PC = 0x0010
  ALU Result = 0xxxxx | Write Reg = Rx
  Memory: Read=0 Write=0 | Data = 0xxxxx
  Read Data = 0x0000
  Reg_write = 0 | w_spec_regs=10
  branch_target = xxxx | PCSrc = 00
WB STAGE:
  Write Reg = Rx | Write Data = 0xxxxx
  RegWrite = 0 | MemToReg = 0
  Halt = 0
  w_spec_regs=10
FINAL RESULT = 0xxxxx (x)
===============================================================

===============================================================
               CYCLE 13 (Time=145000)
===============================================================
IF STAGE:
  PC = 0x0018 | Instruction = 0xxxxx
  pc next = 0x001a | branch taken = 0 | jump = 0 | PCSrc = 00
ID STAGE:
  PC = 0x0016 | Instruction = 0xxxxx
  RS = Rx | RT = Rx | RD = Rx
  RD1 = 0xxxxx | RD2 = 0xxxxx
  Control: RegWrite=0 MemRead=0 MemWrite=0 ALUSrc=0 ALUCount=111111 w_spec_regs=10
  Address = xxxx
 regFile 0000
EX STAGE:
  PC = 0x0014
  RS = Rx | RT = Rx | RD = Rx
  Operand1 = 0xxxxx | Operand2 = 0xxxxx
  signed_op1 = 0xxxxx | signed_op2 = 0xxxxx
  ALU Result = 0xxxxx | Zero = 0
  Forward: A=00 B=00
  w_spec_regs=10
  hi = 3 | lo = 4
  branch_target = xxxx | PCSrc = 00
MEM STAGE:
  PC = 0x0012
  ALU Result = 0xxxxx | Write Reg = Rx
  Memory: Read=0 Write=0 | Data = 0xxxxx
  Read Data = 0x0000
  Reg_write = 0 | w_spec_regs=10
  branch_target = xxxx | PCSrc = 00
WB STAGE:
  Write Reg = Rx | Write Data = 0xxxxx
  RegWrite = 0 | MemToReg = 0
  Halt = 0
  w_spec_regs=10
FINAL RESULT = 0xxxxx (x)
===============================================================

===============================================================
               CYCLE 14 (Time=155000)
===============================================================
IF STAGE:
  PC = 0x001a | Instruction = 0xxxxx
  pc next = 0x001c | branch taken = 0 | jump = 0 | PCSrc = 00
ID STAGE:
  PC = 0x0018 | Instruction = 0xxxxx
  RS = Rx | RT = Rx | RD = Rx
  RD1 = 0xxxxx | RD2 = 0xxxxx
  Control: RegWrite=0 MemRead=0 MemWrite=0 ALUSrc=0 ALUCount=111111 w_spec_regs=10
  Address = xxxx
 regFile 0000
EX STAGE:
  PC = 0x0016
  RS = Rx | RT = Rx | RD = Rx
  Operand1 = 0xxxxx | Operand2 = 0xxxxx
  signed_op1 = 0xxxxx | signed_op2 = 0xxxxx
  ALU Result = 0xxxxx | Zero = 0
  Forward: A=00 B=00
  w_spec_regs=10
  hi = 3 | lo = 4
  branch_target = xxxx | PCSrc = 00
MEM STAGE:
  PC = 0x0014
  ALU Result = 0xxxxx | Write Reg = Rx
  Memory: Read=0 Write=0 | Data = 0xxxxx
  Read Data = 0x0000
  Reg_write = 0 | w_spec_regs=10
  branch_target = xxxx | PCSrc = 00
WB STAGE:
  Write Reg = Rx | Write Data = 0xxxxx
  RegWrite = 0 | MemToReg = 0
  Halt = 0
  w_spec_regs=10
FINAL RESULT = 0xxxxx (x)
===============================================================

===============================================================
               CYCLE 15 (Time=165000)
===============================================================
IF STAGE:
  PC = 0x001c | Instruction = 0xxxxx
  pc next = 0x001e | branch taken = 0 | jump = 0 | PCSrc = 00
ID STAGE:
  PC = 0x001a | Instruction = 0xxxxx
  RS = Rx | RT = Rx | RD = Rx
  RD1 = 0xxxxx | RD2 = 0xxxxx
  Control: RegWrite=0 MemRead=0 MemWrite=0 ALUSrc=0 ALUCount=111111 w_spec_regs=10
  Address = xxxx
 regFile 0000
EX STAGE:
  PC = 0x0018
  RS = Rx | RT = Rx | RD = Rx
  Operand1 = 0xxxxx | Operand2 = 0xxxxx
  signed_op1 = 0xxxxx | signed_op2 = 0xxxxx
  ALU Result = 0xxxxx | Zero = 0
  Forward: A=00 B=00
  w_spec_regs=10
  hi = 3 | lo = 4
  branch_target = xxxx | PCSrc = 00
MEM STAGE:
  PC = 0x0016
  ALU Result = 0xxxxx | Write Reg = Rx
  Memory: Read=0 Write=0 | Data = 0xxxxx
  Read Data = 0x0000
  Reg_write = 0 | w_spec_regs=10
  branch_target = xxxx | PCSrc = 00
WB STAGE:
  Write Reg = Rx | Write Data = 0xxxxx
  RegWrite = 0 | MemToReg = 0
  Halt = 0
  w_spec_regs=10
FINAL RESULT = 0xxxxx (x)
===============================================================

========== SIMULATION FINISHED ==========
$finish called at time : 170 ns : File "D:/pj/PROJECT/PROJECT.srcs/sources_1/new/TOP.v" Line 474
