INFO: [VRFC 10-2263] Analyzing Verilog file "D:/pj/PROJECT/PROJECT.srcs/sources_1/new/ALU_System.v" into library xil_defaultlib
INFO: [VRFC 10-311] analyzing module MUX_ALU
INFO: [VRFC 10-311] analyzing module MUX_3_to_1
INFO: [VRFC 10-311] analyzing module ALU
INFO: [VRFC 10-311] analyzing module ALU_System
INFO: [VRFC 10-2263] Analyzing Verilog file "D:/pj/PROJECT/PROJECT.srcs/sources_1/new/EX_MEM_Register.v" into library xil_defaultlib
INFO: [VRFC 10-311] analyzing module EX_MEM_Register
INFO: [VRFC 10-2263] Analyzing Verilog file "D:/pj/PROJECT/PROJECT.srcs/sources_1/new/EX_Stage.v" into library xil_defaultlib
INFO: [VRFC 10-311] analyzing module EX_Stage
INFO: [VRFC 10-2263] Analyzing Verilog file "D:/pj/PROJECT/PROJECT.srcs/sources_1/new/Forwarding_Unit.v" into library xil_defaultlib
INFO: [VRFC 10-311] analyzing module Forwarding_Unit
INFO: [VRFC 10-2263] Analyzing Verilog file "D:/pj/PROJECT/PROJECT.srcs/sources_1/new/ID_EX_Register.v" into library xil_defaultlib
INFO: [VRFC 10-311] analyzing module ID_EX_Register
INFO: [VRFC 10-2263] Analyzing Verilog file "D:/pj/PROJECT/PROJECT.srcs/sources_1/new/ID_Stage.v" into library xil_defaultlib
INFO: [VRFC 10-311] analyzing module ID_Stage
INFO: [VRFC 10-2263] Analyzing Verilog file "D:/pj/PROJECT/PROJECT.srcs/sources_1/new/IF_ID_Register.v" into library xil_defaultlib
INFO: [VRFC 10-311] analyzing module IF_ID_Register
INFO: [VRFC 10-2263] Analyzing Verilog file "D:/pj/PROJECT/PROJECT.srcs/sources_1/new/IF_Stage.v" into library xil_defaultlib
INFO: [VRFC 10-311] analyzing module IF_Stage
INFO: [VRFC 10-2263] Analyzing Verilog file "D:/pj/PROJECT/PROJECT.srcs/sources_1/new/IM.v" into library xil_defaultlib
INFO: [VRFC 10-311] analyzing module IM
INFO: [VRFC 10-2263] Analyzing Verilog file "D:/pj/PROJECT/PROJECT.srcs/sources_1/new/MEM_Stage.v" into library xil_defaultlib
INFO: [VRFC 10-311] analyzing module MEM_Stage
INFO: [VRFC 10-2263] Analyzing Verilog file "D:/pj/PROJECT/PROJECT.srcs/sources_1/new/MEM_WB_Register.v" into library xil_defaultlib
INFO: [VRFC 10-311] analyzing module MEM_WB_Register
INFO: [VRFC 10-2263] Analyzing Verilog file "D:/pj/PROJECT/PROJECT.srcs/sources_1/new/MUX_DataMemory.v" into library xil_defaultlib
INFO: [VRFC 10-311] analyzing module MUX_DataMemory
INFO: [VRFC 10-2263] Analyzing Verilog file "D:/pj/PROJECT/PROJECT.srcs/sources_1/new/PC_System.v" into library xil_defaultlib
INFO: [VRFC 10-311] analyzing module PC
INFO: [VRFC 10-311] analyzing module ADD_PC
INFO: [VRFC 10-311] analyzing module MUX_PC
INFO: [VRFC 10-311] analyzing module PC_System
INFO: [VRFC 10-2263] Analyzing Verilog file "D:/pj/PROJECT/PROJECT.srcs/sources_1/new/WRITEBACK_Stage.v" into library xil_defaultlib
INFO: [VRFC 10-311] analyzing module WRITEBACK_Stage
INFO: [VRFC 10-2263] Analyzing Verilog file "D:/pj/PROJECT/PROJECT.srcs/sources_1/new/control_unit.v" into library xil_defaultlib
INFO: [VRFC 10-311] analyzing module control_unit
INFO: [VRFC 10-2263] Analyzing Verilog file "D:/pj/PROJECT/PROJECT.srcs/sources_1/new/data_memory.v" into library xil_defaultlib
INFO: [VRFC 10-311] analyzing module data_memory
INFO: [VRFC 10-2263] Analyzing Verilog file "D:/pj/PROJECT/PROJECT.srcs/sources_1/new/hazard_detection_unit.v" into library xil_defaultlib
INFO: [VRFC 10-311] analyzing module hazard_detection_unit
INFO: [VRFC 10-311] analyzing module MUX_Hazard
INFO: [VRFC 10-2263] Analyzing Verilog file "D:/pj/PROJECT/PROJECT.srcs/sources_1/new/register_file.v" into library xil_defaultlib
INFO: [VRFC 10-311] analyzing module registers_file
WARNING: [VRFC 10-3248] data object 'i' is already declared [D:/pj/PROJECT/PROJECT.srcs/sources_1/new/register_file.v:40]
WARNING: [VRFC 10-9364] second declaration of 'i' is ignored [D:/pj/PROJECT/PROJECT.srcs/sources_1/new/register_file.v:40]
INFO: [VRFC 10-2263] Analyzing Verilog file "D:/pj/PROJECT/PROJECT.srcs/sources_1/new/sign_extend.v" into library xil_defaultlib
INFO: [VRFC 10-311] analyzing module sign_extend
INFO: [VRFC 10-2263] Analyzing Verilog file "D:/pj/PROJECT/PROJECT.srcs/sources_1/new/TOP.v" into library xil_defaultlib
INFO: [VRFC 10-311] analyzing module TOP
INFO: [VRFC 10-311] analyzing module TOP_tb
