#-----------------------------------------------------------
# Vivado v2023.2 (64-bit)
# SW Build 4029153 on Fri Oct 13 20:14:34 MDT 2023
# IP Build 4028589 on Sat Oct 14 00:45:43 MDT 2023
# SharedData Build 4025554 on Tue Oct 10 17:18:54 MDT 2023
# Start of session at: Thu Jan  8 15:59:34 2026
# Process ID: 25324
# Current directory: D:/pj/PROJECT
# Command line: vivado.exe -gui_launcher_event rodinguilauncherevent13504 D:\pj\PROJECT\PROJECT.xpr
# Log file: D:/pj/PROJECT/vivado.log
# Journal file: D:/pj/PROJECT\vivado.jou
# Running On: LAPTOP-L9MC2346, OS: Windows, CPU Frequency: 3110 MHz, CPU Physical cores: 12, Host memory: 16890 MB
#-----------------------------------------------------------
start_gui
open_project D:/pj/PROJECT/PROJECT.xpr
WARNING: [Board 49-26] cannot add Board Part xilinx.com:ac701:part0:1.4 available at D:/Vivado/2023.2/data/xhub/boards/XilinxBoardStore/boards/Xilinx/ac701/1.4/board.xml as part xc7a200tfbg676-2 specified in board_part file is either invalid or not available
WARNING: [Board 49-26] cannot add Board Part xilinx.com:kc705:part0:1.6 available at D:/Vivado/2023.2/data/xhub/boards/XilinxBoardStore/boards/Xilinx/kc705/1.6/board.xml as part xc7k325tffg900-2 specified in board_part file is either invalid or not available
WARNING: [Board 49-26] cannot add Board Part xilinx.com:kcu105:part0:1.6 available at D:/Vivado/2023.2/data/xhub/boards/XilinxBoardStore/boards/Xilinx/kcu105/1.6/board.xml as part xcku040-ffva1156-2-e specified in board_part file is either invalid or not available
WARNING: [Board 49-26] cannot add Board Part xilinx.com:kcu105:part0:1.7 available at D:/Vivado/2023.2/data/xhub/boards/XilinxBoardStore/boards/Xilinx/kcu105/1.7/board.xml as part xcku040-ffva1156-2-e specified in board_part file is either invalid or not available
WARNING: [Board 49-26] cannot add Board Part xilinx.com:kcu116:part0:1.4 available at D:/Vivado/2023.2/data/xhub/boards/XilinxBoardStore/boards/Xilinx/kcu116/1.4/board.xml as part xcku5p-ffvb676-2-e specified in board_part file is either invalid or not available
WARNING: [Board 49-26] cannot add Board Part xilinx.com:kcu116:part0:1.5 available at D:/Vivado/2023.2/data/xhub/boards/XilinxBoardStore/boards/Xilinx/kcu116/1.5/board.xml as part xcku5p-ffvb676-2-e specified in board_part file is either invalid or not available
WARNING: [Board 49-26] cannot add Board Part xilinx.com:kcu1500:part0:1.2 available at D:/Vivado/2023.2/data/xhub/boards/XilinxBoardStore/boards/Xilinx/kcu1500/1.2/board.xml as part xcku115-flvb2104-2-e specified in board_part file is either invalid or not available
WARNING: [Board 49-26] cannot add Board Part xilinx.com:sp701:part0:1.0 available at D:/Vivado/2023.2/data/xhub/boards/XilinxBoardStore/boards/Xilinx/sp701/1.0/board.xml as part xc7s100fgga676-2 specified in board_part file is either invalid or not available
WARNING: [Board 49-26] cannot add Board Part xilinx.com:sp701:part0:1.1 available at D:/Vivado/2023.2/data/xhub/boards/XilinxBoardStore/boards/Xilinx/sp701/1.1/board.xml as part xc7s100fgga676-2 specified in board_part file is either invalid or not available
WARNING: [Board 49-26] cannot add Board Part xilinx.com:vc707:part0:1.4 available at D:/Vivado/2023.2/data/xhub/boards/XilinxBoardStore/boards/Xilinx/vc707/1.4/board.xml as part xc7vx485tffg1761-2 specified in board_part file is either invalid or not available
WARNING: [Board 49-26] cannot add Board Part xilinx.com:vc709:part0:1.8 available at D:/Vivado/2023.2/data/xhub/boards/XilinxBoardStore/boards/Xilinx/vc709/1.8/board.xml as part xc7vx690tffg1761-2 specified in board_part file is either invalid or not available
WARNING: [Board 49-26] cannot add Board Part xilinx.com:vck190:part0:2.2 available at D:/Vivado/2023.2/data/xhub/boards/XilinxBoardStore/boards/Xilinx/vck190/production/2.2/board.xml as part xcvc1902-vsva2197-2mp-e-s specified in board_part file is either invalid or not available
WARNING: [Board 49-26] cannot add Board Part xilinx.com:vck190:part0:3.0 available at D:/Vivado/2023.2/data/xhub/boards/XilinxBoardStore/boards/Xilinx/vck190/production/3.0/board.xml as part xcvc1902-vsva2197-2mp-e-s specified in board_part file is either invalid or not available
WARNING: [Board 49-26] cannot add Board Part xilinx.com:vck190:part0:3.1 available at D:/Vivado/2023.2/data/xhub/boards/XilinxBoardStore/boards/Xilinx/vck190/production/3.1/board.xml as part xcvc1902-vsva2197-2mp-e-s specified in board_part file is either invalid or not available
WARNING: [Board 49-26] cannot add Board Part xilinx.com:vck190:part0:3.2 available at D:/Vivado/2023.2/data/xhub/boards/XilinxBoardStore/boards/Xilinx/vck190/production/3.2/board.xml as part xcvc1902-vsva2197-2mp-e-s specified in board_part file is either invalid or not available
WARNING: [Board 49-26] cannot add Board Part xilinx.com:vck190_newl:part0:1.0 available at D:/Vivado/2023.2/data/xhub/boards/XilinxBoardStore/boards/Xilinx/vck190_newl/production/1.0/board.xml as part xcvc1902-vsva2197-2mp-e-s specified in board_part file is either invalid or not available
WARNING: [Board 49-26] cannot add Board Part xilinx.com:vck190_newl:part0:1.1 available at D:/Vivado/2023.2/data/xhub/boards/XilinxBoardStore/boards/Xilinx/vck190_newl/production/1.1/board.xml as part xcvc1902-vsva2197-2mp-e-s specified in board_part file is either invalid or not available
WARNING: [Board 49-26] cannot add Board Part xilinx.com:vcu108:part0:1.6 available at D:/Vivado/2023.2/data/xhub/boards/XilinxBoardStore/boards/Xilinx/vcu108/1.6/board.xml as part xcvu095-ffva2104-2-e specified in board_part file is either invalid or not available
WARNING: [Board 49-26] cannot add Board Part xilinx.com:vcu108:part0:1.7 available at D:/Vivado/2023.2/data/xhub/boards/XilinxBoardStore/boards/Xilinx/vcu108/1.7/board.xml as part xcvu095-ffva2104-2-e specified in board_part file is either invalid or not available
WARNING: [Board 49-26] cannot add Board Part xilinx.com:vcu110:part0:1.4 available at D:/Vivado/2023.2/data/xhub/boards/XilinxBoardStore/boards/Xilinx/vcu110/1.4/board.xml as part xcvu190-flgc2104-2-e specified in board_part file is either invalid or not available
WARNING: [Board 49-26] cannot add Board Part xilinx.com:vcu118:part0:2.0 available at D:/Vivado/2023.2/data/xhub/boards/XilinxBoardStore/boards/Xilinx/vcu118/2.0/board.xml as part xcvu9p-flga2104-2l-e specified in board_part file is either invalid or not available
WARNING: [Board 49-26] cannot add Board Part xilinx.com:vcu118:part0:2.3 available at D:/Vivado/2023.2/data/xhub/boards/XilinxBoardStore/boards/Xilinx/vcu118/2.3/board.xml as part xcvu9p-flga2104-2l-e specified in board_part file is either invalid or not available
WARNING: [Board 49-26] cannot add Board Part xilinx.com:vcu118:part0:2.4 available at D:/Vivado/2023.2/data/xhub/boards/XilinxBoardStore/boards/Xilinx/vcu118/2.4/board.xml as part xcvu9p-flga2104-2l-e specified in board_part file is either invalid or not available
WARNING: [Board 49-26] cannot add Board Part xilinx.com:vcu128:part0:1.0 available at D:/Vivado/2023.2/data/xhub/boards/XilinxBoardStore/boards/Xilinx/vcu128/production/1.0/board.xml as part xcvu37p-fsvh2892-2l-e specified in board_part file is either invalid or not available
WARNING: [Board 49-26] cannot add Board Part xilinx.com:vcu129:part0:1.0 available at D:/Vivado/2023.2/data/xhub/boards/XilinxBoardStore/boards/Xilinx/vcu129/production/1.0/board.xml as part xcvu29p-fsga2577-2l-e specified in board_part file is either invalid or not available
WARNING: [Board 49-26] cannot add Board Part xilinx.com:vcu1525:part0:1.3 available at D:/Vivado/2023.2/data/xhub/boards/XilinxBoardStore/boards/Xilinx/vcu1525/1.3/board.xml as part xcvu9p-fsgd2104-2l-e specified in board_part file is either invalid or not available
WARNING: [Board 49-26] cannot add Board Part xilinx.com:vek280:part0:1.0 available at D:/Vivado/2023.2/data/xhub/boards/XilinxBoardStore/boards/Xilinx/vek280/production/1.0/board.xml as part xcve2802-vsvh1760-2mp-e-s specified in board_part file is either invalid or not available
WARNING: [Board 49-26] cannot add Board Part xilinx.com:vek280_es:part0:1.0 available at D:/Vivado/2023.2/data/xhub/boards/XilinxBoardStore/boards/Xilinx/vek280/es/rev_a/1.0/board.xml as part xcve2802-vsvh1760-2lp-e-s-es1 specified in board_part file is either invalid or not available
WARNING: [Board 49-26] cannot add Board Part xilinx.com:vek280_es:part0:1.1 available at D:/Vivado/2023.2/data/xhub/boards/XilinxBoardStore/boards/Xilinx/vek280/es/rev_a/1.1/board.xml as part xcve2802-vsvh1760-2lp-e-s-es1 specified in board_part file is either invalid or not available
WARNING: [Board 49-26] cannot add Board Part xilinx.com:vek280_es_revb:part0:1.0 available at D:/Vivado/2023.2/data/xhub/boards/XilinxBoardStore/boards/Xilinx/vek280/es/rev_b/1.0/board.xml as part xcve2802-vsvh1760-2mp-e-s-es1 specified in board_part file is either invalid or not available
WARNING: [Board 49-26] cannot add Board Part xilinx.com:vek280_es_revb:part0:1.1 available at D:/Vivado/2023.2/data/xhub/boards/XilinxBoardStore/boards/Xilinx/vek280/es/rev_b/1.1/board.xml as part xcve2802-vsvh1760-2mp-e-s-es1 specified in board_part file is either invalid or not available
WARNING: [Board 49-26] cannot add Board Part xilinx.com:vermeo_t1_mpsoc:part0:1.0 available at D:/Vivado/2023.2/data/xhub/boards/XilinxBoardStore/boards/Xilinx/vermeo_t1_mpsoc/1.0/board.xml as part xczu19eg-ffvd1760-2l-e specified in board_part file is either invalid or not available
WARNING: [Board 49-26] cannot add Board Part xilinx.com:vermeo_t1_rfsoc:part0:1.0 available at D:/Vivado/2023.2/data/xhub/boards/XilinxBoardStore/boards/Xilinx/vermeo_t1_rfsoc/1.0/board.xml as part xczu21dr-ffvd1156-2l-e specified in board_part file is either invalid or not available
WARNING: [Board 49-26] cannot add Board Part xilinx.com:vhk158:part0:1.0 available at D:/Vivado/2023.2/data/xhub/boards/XilinxBoardStore/boards/Xilinx/vhk158/production/1.0/board.xml as part xcvh1582-vsva3697-2mp-e-s specified in board_part file is either invalid or not available
WARNING: [Board 49-26] cannot add Board Part xilinx.com:vhk158:part0:1.1 available at D:/Vivado/2023.2/data/xhub/boards/XilinxBoardStore/boards/Xilinx/vhk158/production/1.1/board.xml as part xcvh1582-vsva3697-2mp-e-s specified in board_part file is either invalid or not available
WARNING: [Board 49-26] cannot add Board Part xilinx.com:vhk158_es:part0:1.0 available at D:/Vivado/2023.2/data/xhub/boards/XilinxBoardStore/boards/Xilinx/vhk158/es/1.0/board.xml as part xcvh1582-vsva3697-2mp-e-s-es1 specified in board_part file is either invalid or not available
WARNING: [Board 49-26] cannot add Board Part xilinx.com:vhk158_es:part0:1.1 available at D:/Vivado/2023.2/data/xhub/boards/XilinxBoardStore/boards/Xilinx/vhk158/es/1.1/board.xml as part xcvh1582-vsva3697-2mp-e-s-es1 specified in board_part file is either invalid or not available
WARNING: [Board 49-26] cannot add Board Part xilinx.com:vmk180:part0:2.2 available at D:/Vivado/2023.2/data/xhub/boards/XilinxBoardStore/boards/Xilinx/vmk180/production/2.2/board.xml as part xcvm1802-vsva2197-2mp-e-s specified in board_part file is either invalid or not available
WARNING: [Board 49-26] cannot add Board Part xilinx.com:vmk180:part0:3.0 available at D:/Vivado/2023.2/data/xhub/boards/XilinxBoardStore/boards/Xilinx/vmk180/production/3.0/board.xml as part xcvm1802-vsva2197-2mp-e-s specified in board_part file is either invalid or not available
WARNING: [Board 49-26] cannot add Board Part xilinx.com:vmk180:part0:3.1 available at D:/Vivado/2023.2/data/xhub/boards/XilinxBoardStore/boards/Xilinx/vmk180/production/3.1/board.xml as part xcvm1802-vsva2197-2mp-e-s specified in board_part file is either invalid or not available
WARNING: [Board 49-26] cannot add Board Part xilinx.com:vmk180:part0:3.2 available at D:/Vivado/2023.2/data/xhub/boards/XilinxBoardStore/boards/Xilinx/vmk180/production/3.2/board.xml as part xcvm1802-vsva2197-2mp-e-s specified in board_part file is either invalid or not available
WARNING: [Board 49-26] cannot add Board Part xilinx.com:vmk180_newl:part0:1.0 available at D:/Vivado/2023.2/data/xhub/boards/XilinxBoardStore/boards/Xilinx/vmk180_newl/production/1.0/board.xml as part xcvm1802-vsva2197-2mp-e-s specified in board_part file is either invalid or not available
WARNING: [Board 49-26] cannot add Board Part xilinx.com:vmk180_newl:part0:1.1 available at D:/Vivado/2023.2/data/xhub/boards/XilinxBoardStore/boards/Xilinx/vmk180_newl/production/1.1/board.xml as part xcvm1802-vsva2197-2mp-e-s specified in board_part file is either invalid or not available
WARNING: [Board 49-26] cannot add Board Part xilinx.com:vpk120:part0:1.0 available at D:/Vivado/2023.2/data/xhub/boards/XilinxBoardStore/boards/Xilinx/vpk120/production/1.0/board.xml as part xcvp1202-vsva2785-2mp-e-s specified in board_part file is either invalid or not available
WARNING: [Board 49-26] cannot add Board Part xilinx.com:vpk120:part0:1.1 available at D:/Vivado/2023.2/data/xhub/boards/XilinxBoardStore/boards/Xilinx/vpk120/production/1.1/board.xml as part xcvp1202-vsva2785-2mp-e-s specified in board_part file is either invalid or not available
WARNING: [Board 49-26] cannot add Board Part xilinx.com:vpk120:part0:1.2 available at D:/Vivado/2023.2/data/xhub/boards/XilinxBoardStore/boards/Xilinx/vpk120/production/1.2/board.xml as part xcvp1202-vsva2785-2mp-e-s specified in board_part file is either invalid or not available
WARNING: [Board 49-26] cannot add Board Part xilinx.com:vpk180:part0:1.0 available at D:/Vivado/2023.2/data/xhub/boards/XilinxBoardStore/boards/Xilinx/vpk180/production/1.0/board.xml as part xcvp1802-lsvc4072-2mp-e-s specified in board_part file is either invalid or not available
WARNING: [Board 49-26] cannot add Board Part xilinx.com:vpk180:part0:1.1 available at D:/Vivado/2023.2/data/xhub/boards/XilinxBoardStore/boards/Xilinx/vpk180/production/1.1/board.xml as part xcvp1802-lsvc4072-2mp-e-s specified in board_part file is either invalid or not available
WARNING: [Board 49-26] cannot add Board Part xilinx.com:zc706:part0:1.4 available at D:/Vivado/2023.2/data/xhub/boards/XilinxBoardStore/boards/Xilinx/zc706/1.4/board.xml as part xc7z045ffg900-2 specified in board_part file is either invalid or not available
WARNING: [Board 49-26] cannot add Board Part xilinx.com:zcu102:part0:3.3 available at D:/Vivado/2023.2/data/xhub/boards/XilinxBoardStore/boards/Xilinx/zcu102/3.3/board.xml as part xczu9eg-ffvb1156-2-e specified in board_part file is either invalid or not available
WARNING: [Board 49-26] cannot add Board Part xilinx.com:zcu102:part0:3.4 available at D:/Vivado/2023.2/data/xhub/boards/XilinxBoardStore/boards/Xilinx/zcu102/3.4/board.xml as part xczu9eg-ffvb1156-2-e specified in board_part file is either invalid or not available
WARNING: [Board 49-26] cannot add Board Part xilinx.com:zcu104:part0:1.1 available at D:/Vivado/2023.2/data/xhub/boards/XilinxBoardStore/boards/Xilinx/zcu104/1.1/board.xml as part xczu7ev-ffvc1156-2-e specified in board_part file is either invalid or not available
WARNING: [Board 49-26] cannot add Board Part xilinx.com:zcu106:part0:2.4 available at D:/Vivado/2023.2/data/xhub/boards/XilinxBoardStore/boards/Xilinx/zcu106/2.4/board.xml as part xczu7ev-ffvc1156-2-e specified in board_part file is either invalid or not available
WARNING: [Board 49-26] cannot add Board Part xilinx.com:zcu106:part0:2.5 available at D:/Vivado/2023.2/data/xhub/boards/XilinxBoardStore/boards/Xilinx/zcu106/2.5/board.xml as part xczu7ev-ffvc1156-2-e specified in board_part file is either invalid or not available
WARNING: [Board 49-26] cannot add Board Part xilinx.com:zcu106:part0:2.6 available at D:/Vivado/2023.2/data/xhub/boards/XilinxBoardStore/boards/Xilinx/zcu106/2.6/board.xml as part xczu7ev-ffvc1156-2-e specified in board_part file is either invalid or not available
WARNING: [Board 49-26] cannot add Board Part xilinx.com:zcu111:part0:1.2 available at D:/Vivado/2023.2/data/xhub/boards/XilinxBoardStore/boards/Xilinx/zcu111/1.2/board.xml as part xczu28dr-ffvg1517-2-e specified in board_part file is either invalid or not available
WARNING: [Board 49-26] cannot add Board Part xilinx.com:zcu111:part0:1.3 available at D:/Vivado/2023.2/data/xhub/boards/XilinxBoardStore/boards/Xilinx/zcu111/1.3/board.xml as part xczu28dr-ffvg1517-2-e specified in board_part file is either invalid or not available
WARNING: [Board 49-26] cannot add Board Part xilinx.com:zcu111:part0:1.4 available at D:/Vivado/2023.2/data/xhub/boards/XilinxBoardStore/boards/Xilinx/zcu111/1.4/board.xml as part xczu28dr-ffvg1517-2-e specified in board_part file is either invalid or not available
WARNING: [Board 49-26] cannot add Board Part xilinx.com:zcu1275:part0:1.0 available at D:/Vivado/2023.2/data/xhub/boards/XilinxBoardStore/boards/Xilinx/zcu1275/1.0/board.xml as part xczu29dr-ffvf1760-2-e specified in board_part file is either invalid or not available
WARNING: [Board 49-26] cannot add Board Part xilinx.com:zcu1285:part0:1.0 available at D:/Vivado/2023.2/data/xhub/boards/XilinxBoardStore/boards/Xilinx/zcu1285/1.0/board.xml as part xczu39dr-ffvf1760-2-i specified in board_part file is either invalid or not available
WARNING: [Board 49-26] cannot add Board Part xilinx.com:zcu208:part0:2.0 available at D:/Vivado/2023.2/data/xhub/boards/XilinxBoardStore/boards/Xilinx/zcu208/production/2.0/board.xml as part xczu48dr-fsvg1517-2-e specified in board_part file is either invalid or not available
WARNING: [Board 49-26] cannot add Board Part xilinx.com:zcu208ld:part0:2.0 available at D:/Vivado/2023.2/data/xhub/boards/XilinxBoardStore/boards/Xilinx/zcu208ld/production/2.0/board.xml as part xczu58dr-fsvg1517-2-i specified in board_part file is either invalid or not available
WARNING: [Board 49-26] cannot add Board Part xilinx.com:zcu216:part0:2.0 available at D:/Vivado/2023.2/data/xhub/boards/XilinxBoardStore/boards/Xilinx/zcu216/production/2.0/board.xml as part xczu49dr-ffvf1760-2-e specified in board_part file is either invalid or not available
WARNING: [Board 49-26] cannot add Board Part xilinx.com:zcu216ld:part0:2.0 available at D:/Vivado/2023.2/data/xhub/boards/XilinxBoardStore/boards/Xilinx/zcu216ld/production/2.0/board.xml as part xczu59dr-ffvf1760-2-i specified in board_part file is either invalid or not available
WARNING: [Board 49-26] cannot add Board Part xilinx.com:zcu670:part0:2.0 available at D:/Vivado/2023.2/data/xhub/boards/XilinxBoardStore/boards/Xilinx/zcu670/2.0/board.xml as part xczu67dr-fsve1156-2-i specified in board_part file is either invalid or not available
WARNING: [Board 49-26] cannot add Board Part xilinx.com:zcu670ld:part0:1.0 available at D:/Vivado/2023.2/data/xhub/boards/XilinxBoardStore/boards/Xilinx/zcu670ld/1.0/board.xml as part xczu57dr-fsve1156-2-i specified in board_part file is either invalid or not available
INFO: [filemgmt 56-3] Default IP Output Path : Could not find the directory 'D:/pj/PROJECT/PROJECT.gen/sources_1'.
Scanning sources...
Finished scanning sources
CRITICAL WARNING: [Runs 36-271] Incremental checkpoint part, xa7z010clg225-1I, does not match run part, xc7z010clg400-1.
INFO: [IP_Flow 19-234] Refreshing IP repositories
INFO: [IP_Flow 19-1704] No user IP repositories specified
INFO: [IP_Flow 19-2313] Loaded Vivado IP repository 'D:/Vivado/2023.2/data/ip'.
open_project: Time (s): cpu = 00:00:25 ; elapsed = 00:00:11 . Memory (MB): peak = 1501.672 ; gain = 412.148
launch_simulation
Command: launch_simulation 
INFO: [Vivado 12-12493] Simulation top is 'TOP_tb'
WARNING: [Vivado 12-13340] Unable to auto find GCC executables from simulator install path! (path not set)
INFO: [Vivado 12-5682] Launching behavioral simulation in 'D:/pj/PROJECT/PROJECT.sim/sim_1/behav/xsim'
INFO: [SIM-utils-51] Simulation object is 'sim_1'
INFO: [SIM-utils-72] Using boost library from 'D:/Vivado/2023.2/tps/boost_1_72_0'
INFO: [SIM-utils-54] Inspecting design source files for 'TOP_tb' in fileset 'sim_1'...
INFO: [SIM-utils-43] Exported 'D:/pj/PROJECT/PROJECT.sim/sim_1/behav/xsim/program.mem'
INFO: [USF-XSim-97] Finding global include files...
INFO: [USF-XSim-100] Fetching design files from 'sources_1'...(this may take a while)...
INFO: [USF-XSim-101] Fetching design files from 'sim_1'...
INFO: [USF-XSim-2] XSim::Compile design
INFO: [USF-XSim-61] Executing 'COMPILE and ANALYZE' step in 'D:/pj/PROJECT/PROJECT.sim/sim_1/behav/xsim'
"xvlog --incr --relax -prj TOP_tb_vlog.prj"
ECHO is off.
ECHO is off.
INFO: [USF-XSim-69] 'compile' step finished in '2' seconds
INFO: [USF-XSim-3] XSim::Elaborate design
INFO: [USF-XSim-61] Executing 'ELABORATE' step in 'D:/pj/PROJECT/PROJECT.sim/sim_1/behav/xsim'
"xelab --incr --debug typical --relax --mt 2 -L xil_defaultlib -L unisims_ver -L unimacro_ver -L secureip --snapshot TOP_tb_behav xil_defaultlib.TOP_tb xil_defaultlib.glbl -log elaborate.log"
ECHO is off.
ECHO is off.
Vivado Simulator v2023.2
Copyright 1986-2022 Xilinx, Inc. All Rights Reserved.
Copyright 2022-2023 Advanced Micro Devices, Inc. All Rights Reserved.
Running: D:/Vivado/2023.2/bin/unwrapped/win64.o/xelab.exe --incr --debug typical --relax --mt 2 -L xil_defaultlib -L unisims_ver -L unimacro_ver -L secureip --snapshot TOP_tb_behav xil_defaultlib.TOP_tb xil_defaultlib.glbl -log elaborate.log 
Using 2 slave threads.
Starting static elaboration
Pass Through NonSizing Optimizer
WARNING: [VRFC 10-5021] port 'if_rs' is not connected on this instance [D:/pj/PROJECT/PROJECT.srcs/sources_1/new/TOP.v:166]
Completed static elaboration
INFO: [XSIM 43-4323] No Change in HDL. Linking previously generated obj files to create kernel
INFO: [USF-XSim-69] 'elaborate' step finished in '1' seconds
INFO: [USF-XSim-4] XSim::Simulate design
INFO: [USF-XSim-61] Executing 'SIMULATE' step in 'D:/pj/PROJECT/PROJECT.sim/sim_1/behav/xsim'
INFO: [USF-XSim-98] *** Running xsim
   with args "TOP_tb_behav -key {Behavioral:sim_1:Functional:TOP_tb} -tclbatch {TOP_tb.tcl} -log {simulate.log}"
INFO: [USF-XSim-8] Loading simulator feature
Time resolution is 1 ps
source TOP_tb.tcl
# set curr_wave [current_wave_config]
# if { [string length $curr_wave] == 0 } {
#   if { [llength [get_objects]] > 0} {
#     add_wave /
#     set_property needs_save false [current_wave_config]
#   } else {
#      send_msg_id Add_Wave-1 WARNING "No top level signals found. Simulator will start without a wave window. If you want to open a wave window go to 'File->New Waveform Configuration' or type 'create_wave_config' in the TCL console."
#   }
# }
# run 1000ns
[IM] Loaded program.mem into instruction memory
[MUX_PC] WARNING: pc_plus is X/Z!

===============================================================
               CYCLE 1 (Time=25000)
===============================================================
IF STAGE:
  PC = 0x0000 | Instruction = 0xxxxx
  pc next = 0x0002 | branch taken = 0 | jump = 0 | PCSrc = 00
ID STAGE:
  PC = 0x0000 | Instruction = 0xc000
  RS = R0 | RT = R0 | RD = R0
  RD1 = 0x0000 | RD2 = 0x0000
  Control: RegWrite=0 MemRead=0 MemWrite=0 ALUSrc=0 ALUCount=111111 w_spec_regs=10
  Address = 0000
 regFile 0000
EX STAGE:
  PC = 0x0000
  RS = R0 | RT = R0 | RD = R0
  Operand1 = 0x0000 | Operand2 = 0x0000
  signed_op1 = 0x0000 | signed_op2 = 0x0000
  ALU Result = 0xxxxx | Zero = 0
  Forward: A=00 B=00
  w_spec_regs=10
  hi = 0 | lo = 0
  branch_target = 0000 | PCSrc = 00
MEM STAGE:
  PC = 0x0000
  ALU Result = 0x0000 | Write Reg = R0
  Memory: Read=0 Write=0 | Data = 0x0000
  Read Data = 0x0000
  Reg_write = 0 | w_spec_regs=10
  branch_target = 0000 | PCSrc = 00
WB STAGE:
  Write Reg = R0 | Write Data = 0x0000
  RegWrite = 0 | MemToReg = 0
  Halt = 0
  w_spec_regs=10
FINAL RESULT = 0x0000 (0)
===============================================================

===============================================================
               CYCLE 2 (Time=35000)
===============================================================
IF STAGE:
  PC = 0x0002 | Instruction = 0xxxxx
  pc next = 0x0004 | branch taken = 0 | jump = 0 | PCSrc = 00
ID STAGE:
  PC = 0x0000 | Instruction = 0xxxxx
  RS = Rx | RT = Rx | RD = Rx
  RD1 = 0xxxxx | RD2 = 0xxxxx
  Control: RegWrite=0 MemRead=0 MemWrite=0 ALUSrc=0 ALUCount=111111 w_spec_regs=10
  Address = xxxx
 regFile 0000
EX STAGE:
  PC = 0x0000
  RS = R0 | RT = R0 | RD = R0
  Operand1 = 0x0000 | Operand2 = 0x0000
  signed_op1 = 0x0000 | signed_op2 = 0x0000
  ALU Result = 0xxxxx | Zero = 0
  Forward: A=00 B=00
  w_spec_regs=10
  hi = 0 | lo = 0
  branch_target = 0000 | PCSrc = 00
MEM STAGE:
  PC = 0x0000
  ALU Result = 0xxxxx | Write Reg = R0
  Memory: Read=0 Write=0 | Data = 0x0000
  Read Data = 0x0000
  Reg_write = 0 | w_spec_regs=10
  branch_target = 0000 | PCSrc = 00
WB STAGE:
  Write Reg = R0 | Write Data = 0x0000
  RegWrite = 0 | MemToReg = 0
  Halt = 0
  w_spec_regs=10
FINAL RESULT = 0x0000 (0)
===============================================================

===============================================================
               CYCLE 3 (Time=45000)
===============================================================
IF STAGE:
  PC = 0x0004 | Instruction = 0xxxxx
  pc next = 0x0006 | branch taken = 0 | jump = 0 | PCSrc = 00
ID STAGE:
  PC = 0x0002 | Instruction = 0xxxxx
  RS = Rx | RT = Rx | RD = Rx
  RD1 = 0xxxxx | RD2 = 0xxxxx
  Control: RegWrite=0 MemRead=0 MemWrite=0 ALUSrc=0 ALUCount=111111 w_spec_regs=10
  Address = xxxx
 regFile 0000
EX STAGE:
  PC = 0x0000
  RS = Rx | RT = Rx | RD = Rx
  Operand1 = 0xxxxx | Operand2 = 0xxxxx
  signed_op1 = 0xxxxx | signed_op2 = 0xxxxx
  ALU Result = 0xxxxx | Zero = 0
  Forward: A=00 B=00
  w_spec_regs=10
  hi = 0 | lo = 0
  branch_target = xxxx | PCSrc = 00
MEM STAGE:
  PC = 0x0000
  ALU Result = 0xxxxx | Write Reg = R0
  Memory: Read=0 Write=0 | Data = 0x0000
  Read Data = 0x0000
  Reg_write = 0 | w_spec_regs=10
  branch_target = xxxx | PCSrc = 00
WB STAGE:
  Write Reg = R0 | Write Data = 0xxxxx
  RegWrite = 0 | MemToReg = 0
  Halt = 0
  w_spec_regs=10
FINAL RESULT = 0xxxxx (x)
===============================================================

===============================================================
               CYCLE 4 (Time=55000)
===============================================================
IF STAGE:
  PC = 0x0006 | Instruction = 0xxxxx
  pc next = 0x0008 | branch taken = 0 | jump = 0 | PCSrc = 00
ID STAGE:
  PC = 0x0004 | Instruction = 0xxxxx
  RS = Rx | RT = Rx | RD = Rx
  RD1 = 0xxxxx | RD2 = 0xxxxx
  Control: RegWrite=0 MemRead=0 MemWrite=0 ALUSrc=0 ALUCount=111111 w_spec_regs=10
  Address = xxxx
 regFile 0000
EX STAGE:
  PC = 0x0002
  RS = Rx | RT = Rx | RD = Rx
  Operand1 = 0xxxxx | Operand2 = 0xxxxx
  signed_op1 = 0xxxxx | signed_op2 = 0xxxxx
  ALU Result = 0xxxxx | Zero = 0
  Forward: A=00 B=00
  w_spec_regs=10
  hi = 0 | lo = 0
  branch_target = xxxx | PCSrc = 00
MEM STAGE:
  PC = 0x0000
  ALU Result = 0xxxxx | Write Reg = Rx
  Memory: Read=0 Write=0 | Data = 0xxxxx
  Read Data = 0x0000
  Reg_write = 0 | w_spec_regs=10
  branch_target = xxxx | PCSrc = 00
WB STAGE:
  Write Reg = R0 | Write Data = 0xxxxx
  RegWrite = 0 | MemToReg = 0
  Halt = 0
  w_spec_regs=10
FINAL RESULT = 0xxxxx (x)
===============================================================

===============================================================
               CYCLE 5 (Time=65000)
===============================================================
IF STAGE:
  PC = 0x0008 | Instruction = 0xxxxx
  pc next = 0x000a | branch taken = 0 | jump = 0 | PCSrc = 00
ID STAGE:
  PC = 0x0006 | Instruction = 0xxxxx
  RS = Rx | RT = Rx | RD = Rx
  RD1 = 0xxxxx | RD2 = 0xxxxx
  Control: RegWrite=0 MemRead=0 MemWrite=0 ALUSrc=0 ALUCount=111111 w_spec_regs=10
  Address = xxxx
 regFile 0000
EX STAGE:
  PC = 0x0004
  RS = Rx | RT = Rx | RD = Rx
  Operand1 = 0xxxxx | Operand2 = 0xxxxx
  signed_op1 = 0xxxxx | signed_op2 = 0xxxxx
  ALU Result = 0xxxxx | Zero = 0
  Forward: A=00 B=00
  w_spec_regs=10
  hi = 0 | lo = 0
  branch_target = xxxx | PCSrc = 00
MEM STAGE:
  PC = 0x0002
  ALU Result = 0xxxxx | Write Reg = Rx
  Memory: Read=0 Write=0 | Data = 0xxxxx
  Read Data = 0x0000
  Reg_write = 0 | w_spec_regs=10
  branch_target = xxxx | PCSrc = 00
WB STAGE:
  Write Reg = Rx | Write Data = 0xxxxx
  RegWrite = 0 | MemToReg = 0
  Halt = 0
  w_spec_regs=10
FINAL RESULT = 0xxxxx (x)
===============================================================

===============================================================
               CYCLE 6 (Time=75000)
===============================================================
IF STAGE:
  PC = 0x000a | Instruction = 0xxxxx
  pc next = 0x000c | branch taken = 0 | jump = 0 | PCSrc = 00
ID STAGE:
  PC = 0x0008 | Instruction = 0xxxxx
  RS = Rx | RT = Rx | RD = Rx
  RD1 = 0xxxxx | RD2 = 0xxxxx
  Control: RegWrite=0 MemRead=0 MemWrite=0 ALUSrc=0 ALUCount=111111 w_spec_regs=10
  Address = xxxx
 regFile 0000
EX STAGE:
  PC = 0x0006
  RS = Rx | RT = Rx | RD = Rx
  Operand1 = 0xxxxx | Operand2 = 0xxxxx
  signed_op1 = 0xxxxx | signed_op2 = 0xxxxx
  ALU Result = 0xxxxx | Zero = 0
  Forward: A=00 B=00
  w_spec_regs=10
  hi = 0 | lo = 0
  branch_target = xxxx | PCSrc = 00
MEM STAGE:
  PC = 0x0004
  ALU Result = 0xxxxx | Write Reg = Rx
  Memory: Read=0 Write=0 | Data = 0xxxxx
  Read Data = 0x0000
  Reg_write = 0 | w_spec_regs=10
  branch_target = xxxx | PCSrc = 00
WB STAGE:
  Write Reg = Rx | Write Data = 0xxxxx
  RegWrite = 0 | MemToReg = 0
  Halt = 0
  w_spec_regs=10
FINAL RESULT = 0xxxxx (x)
===============================================================

===============================================================
               CYCLE 7 (Time=85000)
===============================================================
IF STAGE:
  PC = 0x000c | Instruction = 0xxxxx
  pc next = 0x000e | branch taken = 0 | jump = 0 | PCSrc = 00
ID STAGE:
  PC = 0x000a | Instruction = 0xxxxx
  RS = Rx | RT = Rx | RD = Rx
  RD1 = 0xxxxx | RD2 = 0xxxxx
  Control: RegWrite=0 MemRead=0 MemWrite=0 ALUSrc=0 ALUCount=111111 w_spec_regs=10
  Address = xxxx
 regFile 0000
EX STAGE:
  PC = 0x0008
  RS = Rx | RT = Rx | RD = Rx
  Operand1 = 0xxxxx | Operand2 = 0xxxxx
  signed_op1 = 0xxxxx | signed_op2 = 0xxxxx
  ALU Result = 0xxxxx | Zero = 0
  Forward: A=00 B=00
  w_spec_regs=10
  hi = 0 | lo = 0
  branch_target = xxxx | PCSrc = 00
MEM STAGE:
  PC = 0x0006
  ALU Result = 0xxxxx | Write Reg = Rx
  Memory: Read=0 Write=0 | Data = 0xxxxx
  Read Data = 0x0000
  Reg_write = 0 | w_spec_regs=10
  branch_target = xxxx | PCSrc = 00
WB STAGE:
  Write Reg = Rx | Write Data = 0xxxxx
  RegWrite = 0 | MemToReg = 0
  Halt = 0
  w_spec_regs=10
FINAL RESULT = 0xxxxx (x)
===============================================================

===============================================================
               CYCLE 8 (Time=95000)
===============================================================
IF STAGE:
  PC = 0x000e | Instruction = 0xxxxx
  pc next = 0x0010 | branch taken = 0 | jump = 0 | PCSrc = 00
ID STAGE:
  PC = 0x000c | Instruction = 0xxxxx
  RS = Rx | RT = Rx | RD = Rx
  RD1 = 0xxxxx | RD2 = 0xxxxx
  Control: RegWrite=0 MemRead=0 MemWrite=0 ALUSrc=0 ALUCount=111111 w_spec_regs=10
  Address = xxxx
 regFile 0000
EX STAGE:
  PC = 0x000a
  RS = Rx | RT = Rx | RD = Rx
  Operand1 = 0xxxxx | Operand2 = 0xxxxx
  signed_op1 = 0xxxxx | signed_op2 = 0xxxxx
  ALU Result = 0xxxxx | Zero = 0
  Forward: A=00 B=00
  w_spec_regs=10
  hi = 0 | lo = 0
  branch_target = xxxx | PCSrc = 00
MEM STAGE:
  PC = 0x0008
  ALU Result = 0xxxxx | Write Reg = Rx
  Memory: Read=0 Write=0 | Data = 0xxxxx
  Read Data = 0x0000
  Reg_write = 0 | w_spec_regs=10
  branch_target = xxxx | PCSrc = 00
WB STAGE:
  Write Reg = Rx | Write Data = 0xxxxx
  RegWrite = 0 | MemToReg = 0
  Halt = 0
  w_spec_regs=10
FINAL RESULT = 0xxxxx (x)
===============================================================

===============================================================
               CYCLE 9 (Time=105000)
===============================================================
IF STAGE:
  PC = 0x0010 | Instruction = 0xxxxx
  pc next = 0x0012 | branch taken = 0 | jump = 0 | PCSrc = 00
ID STAGE:
  PC = 0x000e | Instruction = 0xxxxx
  RS = Rx | RT = Rx | RD = Rx
  RD1 = 0xxxxx | RD2 = 0xxxxx
  Control: RegWrite=0 MemRead=0 MemWrite=0 ALUSrc=0 ALUCount=111111 w_spec_regs=10
  Address = xxxx
 regFile 0000
EX STAGE:
  PC = 0x000c
  RS = Rx | RT = Rx | RD = Rx
  Operand1 = 0xxxxx | Operand2 = 0xxxxx
  signed_op1 = 0xxxxx | signed_op2 = 0xxxxx
  ALU Result = 0xxxxx | Zero = 0
  Forward: A=00 B=00
  w_spec_regs=10
  hi = 0 | lo = 0
  branch_target = xxxx | PCSrc = 00
MEM STAGE:
  PC = 0x000a
  ALU Result = 0xxxxx | Write Reg = Rx
  Memory: Read=0 Write=0 | Data = 0xxxxx
  Read Data = 0x0000
  Reg_write = 0 | w_spec_regs=10
  branch_target = xxxx | PCSrc = 00
WB STAGE:
  Write Reg = Rx | Write Data = 0xxxxx
  RegWrite = 0 | MemToReg = 0
  Halt = 0
  w_spec_regs=10
FINAL RESULT = 0xxxxx (x)
===============================================================

===============================================================
               CYCLE 10 (Time=115000)
===============================================================
IF STAGE:
  PC = 0x0012 | Instruction = 0xxxxx
  pc next = 0x0014 | branch taken = 0 | jump = 0 | PCSrc = 00
ID STAGE:
  PC = 0x0010 | Instruction = 0xxxxx
  RS = Rx | RT = Rx | RD = Rx
  RD1 = 0xxxxx | RD2 = 0xxxxx
  Control: RegWrite=0 MemRead=0 MemWrite=0 ALUSrc=0 ALUCount=111111 w_spec_regs=10
  Address = xxxx
 regFile 0000
EX STAGE:
  PC = 0x000e
  RS = Rx | RT = Rx | RD = Rx
  Operand1 = 0xxxxx | Operand2 = 0xxxxx
  signed_op1 = 0xxxxx | signed_op2 = 0xxxxx
  ALU Result = 0xxxxx | Zero = 0
  Forward: A=00 B=00
  w_spec_regs=10
  hi = 0 | lo = 0
  branch_target = xxxx | PCSrc = 00
MEM STAGE:
  PC = 0x000c
  ALU Result = 0xxxxx | Write Reg = Rx
  Memory: Read=0 Write=0 | Data = 0xxxxx
  Read Data = 0x0000
  Reg_write = 0 | w_spec_regs=10
  branch_target = xxxx | PCSrc = 00
WB STAGE:
  Write Reg = Rx | Write Data = 0xxxxx
  RegWrite = 0 | MemToReg = 0
  Halt = 0
  w_spec_regs=10
FINAL RESULT = 0xxxxx (x)
===============================================================

===============================================================
               CYCLE 11 (Time=125000)
===============================================================
IF STAGE:
  PC = 0x0014 | Instruction = 0xxxxx
  pc next = 0x0016 | branch taken = 0 | jump = 0 | PCSrc = 00
ID STAGE:
  PC = 0x0012 | Instruction = 0xxxxx
  RS = Rx | RT = Rx | RD = Rx
  RD1 = 0xxxxx | RD2 = 0xxxxx
  Control: RegWrite=0 MemRead=0 MemWrite=0 ALUSrc=0 ALUCount=111111 w_spec_regs=10
  Address = xxxx
 regFile 0000
EX STAGE:
  PC = 0x0010
  RS = Rx | RT = Rx | RD = Rx
  Operand1 = 0xxxxx | Operand2 = 0xxxxx
  signed_op1 = 0xxxxx | signed_op2 = 0xxxxx
  ALU Result = 0xxxxx | Zero = 0
  Forward: A=00 B=00
  w_spec_regs=10
  hi = 0 | lo = 0
  branch_target = xxxx | PCSrc = 00
MEM STAGE:
  PC = 0x000e
  ALU Result = 0xxxxx | Write Reg = Rx
  Memory: Read=0 Write=0 | Data = 0xxxxx
  Read Data = 0x0000
  Reg_write = 0 | w_spec_regs=10
  branch_target = xxxx | PCSrc = 00
WB STAGE:
  Write Reg = Rx | Write Data = 0xxxxx
  RegWrite = 0 | MemToReg = 0
  Halt = 0
  w_spec_regs=10
FINAL RESULT = 0xxxxx (x)
===============================================================

===============================================================
               CYCLE 12 (Time=135000)
===============================================================
IF STAGE:
  PC = 0x0016 | Instruction = 0xxxxx
  pc next = 0x0018 | branch taken = 0 | jump = 0 | PCSrc = 00
ID STAGE:
  PC = 0x0014 | Instruction = 0xxxxx
  RS = Rx | RT = Rx | RD = Rx
  RD1 = 0xxxxx | RD2 = 0xxxxx
  Control: RegWrite=0 MemRead=0 MemWrite=0 ALUSrc=0 ALUCount=111111 w_spec_regs=10
  Address = xxxx
 regFile 0000
EX STAGE:
  PC = 0x0012
  RS = Rx | RT = Rx | RD = Rx
  Operand1 = 0xxxxx | Operand2 = 0xxxxx
  signed_op1 = 0xxxxx | signed_op2 = 0xxxxx
  ALU Result = 0xxxxx | Zero = 0
  Forward: A=00 B=00
  w_spec_regs=10
  hi = 0 | lo = 0
  branch_target = xxxx | PCSrc = 00
MEM STAGE:
  PC = 0x0010
  ALU Result = 0xxxxx | Write Reg = Rx
  Memory: Read=0 Write=0 | Data = 0xxxxx
  Read Data = 0x0000
  Reg_write = 0 | w_spec_regs=10
  branch_target = xxxx | PCSrc = 00
WB STAGE:
  Write Reg = Rx | Write Data = 0xxxxx
  RegWrite = 0 | MemToReg = 0
  Halt = 0
  w_spec_regs=10
FINAL RESULT = 0xxxxx (x)
===============================================================

===============================================================
               CYCLE 13 (Time=145000)
===============================================================
IF STAGE:
  PC = 0x0018 | Instruction = 0xxxxx
  pc next = 0x001a | branch taken = 0 | jump = 0 | PCSrc = 00
ID STAGE:
  PC = 0x0016 | Instruction = 0xxxxx
  RS = Rx | RT = Rx | RD = Rx
  RD1 = 0xxxxx | RD2 = 0xxxxx
  Control: RegWrite=0 MemRead=0 MemWrite=0 ALUSrc=0 ALUCount=111111 w_spec_regs=10
  Address = xxxx
 regFile 0000
EX STAGE:
  PC = 0x0014
  RS = Rx | RT = Rx | RD = Rx
  Operand1 = 0xxxxx | Operand2 = 0xxxxx
  signed_op1 = 0xxxxx | signed_op2 = 0xxxxx
  ALU Result = 0xxxxx | Zero = 0
  Forward: A=00 B=00
  w_spec_regs=10
  hi = 0 | lo = 0
  branch_target = xxxx | PCSrc = 00
MEM STAGE:
  PC = 0x0012
  ALU Result = 0xxxxx | Write Reg = Rx
  Memory: Read=0 Write=0 | Data = 0xxxxx
  Read Data = 0x0000
  Reg_write = 0 | w_spec_regs=10
  branch_target = xxxx | PCSrc = 00
WB STAGE:
  Write Reg = Rx | Write Data = 0xxxxx
  RegWrite = 0 | MemToReg = 0
  Halt = 0
  w_spec_regs=10
FINAL RESULT = 0xxxxx (x)
===============================================================

===============================================================
               CYCLE 14 (Time=155000)
===============================================================
IF STAGE:
  PC = 0x001a | Instruction = 0xxxxx
  pc next = 0x001c | branch taken = 0 | jump = 0 | PCSrc = 00
ID STAGE:
  PC = 0x0018 | Instruction = 0xxxxx
  RS = Rx | RT = Rx | RD = Rx
  RD1 = 0xxxxx | RD2 = 0xxxxx
  Control: RegWrite=0 MemRead=0 MemWrite=0 ALUSrc=0 ALUCount=111111 w_spec_regs=10
  Address = xxxx
 regFile 0000
EX STAGE:
  PC = 0x0016
  RS = Rx | RT = Rx | RD = Rx
  Operand1 = 0xxxxx | Operand2 = 0xxxxx
  signed_op1 = 0xxxxx | signed_op2 = 0xxxxx
  ALU Result = 0xxxxx | Zero = 0
  Forward: A=00 B=00
  w_spec_regs=10
  hi = 0 | lo = 0
  branch_target = xxxx | PCSrc = 00
MEM STAGE:
  PC = 0x0014
  ALU Result = 0xxxxx | Write Reg = Rx
  Memory: Read=0 Write=0 | Data = 0xxxxx
  Read Data = 0x0000
  Reg_write = 0 | w_spec_regs=10
  branch_target = xxxx | PCSrc = 00
WB STAGE:
  Write Reg = Rx | Write Data = 0xxxxx
  RegWrite = 0 | MemToReg = 0
  Halt = 0
  w_spec_regs=10
FINAL RESULT = 0xxxxx (x)
===============================================================

===============================================================
               CYCLE 15 (Time=165000)
===============================================================
IF STAGE:
  PC = 0x001c | Instruction = 0xxxxx
  pc next = 0x001e | branch taken = 0 | jump = 0 | PCSrc = 00
ID STAGE:
  PC = 0x001a | Instruction = 0xxxxx
  RS = Rx | RT = Rx | RD = Rx
  RD1 = 0xxxxx | RD2 = 0xxxxx
  Control: RegWrite=0 MemRead=0 MemWrite=0 ALUSrc=0 ALUCount=111111 w_spec_regs=10
  Address = xxxx
 regFile 0000
EX STAGE:
  PC = 0x0018
  RS = Rx | RT = Rx | RD = Rx
  Operand1 = 0xxxxx | Operand2 = 0xxxxx
  signed_op1 = 0xxxxx | signed_op2 = 0xxxxx
  ALU Result = 0xxxxx | Zero = 0
  Forward: A=00 B=00
  w_spec_regs=10
  hi = 0 | lo = 0
  branch_target = xxxx | PCSrc = 00
MEM STAGE:
  PC = 0x0016
  ALU Result = 0xxxxx | Write Reg = Rx
  Memory: Read=0 Write=0 | Data = 0xxxxx
  Read Data = 0x0000
  Reg_write = 0 | w_spec_regs=10
  branch_target = xxxx | PCSrc = 00
WB STAGE:
  Write Reg = Rx | Write Data = 0xxxxx
  RegWrite = 0 | MemToReg = 0
  Halt = 0
  w_spec_regs=10
FINAL RESULT = 0xxxxx (x)
===============================================================

===============================================================
               CYCLE 16 (Time=175000)
===============================================================
IF STAGE:
  PC = 0x001e | Instruction = 0xxxxx
  pc next = 0x0020 | branch taken = 0 | jump = 0 | PCSrc = 00
ID STAGE:
  PC = 0x001c | Instruction = 0xxxxx
  RS = Rx | RT = Rx | RD = Rx
  RD1 = 0xxxxx | RD2 = 0xxxxx
  Control: RegWrite=0 MemRead=0 MemWrite=0 ALUSrc=0 ALUCount=111111 w_spec_regs=10
  Address = xxxx
 regFile 0000
EX STAGE:
  PC = 0x001a
  RS = Rx | RT = Rx | RD = Rx
  Operand1 = 0xxxxx | Operand2 = 0xxxxx
  signed_op1 = 0xxxxx | signed_op2 = 0xxxxx
  ALU Result = 0xxxxx | Zero = 0
  Forward: A=00 B=00
  w_spec_regs=10
  hi = 0 | lo = 0
  branch_target = xxxx | PCSrc = 00
MEM STAGE:
  PC = 0x0018
  ALU Result = 0xxxxx | Write Reg = Rx
  Memory: Read=0 Write=0 | Data = 0xxxxx
  Read Data = 0x0000
  Reg_write = 0 | w_spec_regs=10
  branch_target = xxxx | PCSrc = 00
WB STAGE:
  Write Reg = Rx | Write Data = 0xxxxx
  RegWrite = 0 | MemToReg = 0
  Halt = 0
  w_spec_regs=10
FINAL RESULT = 0xxxxx (x)
===============================================================

===============================================================
               CYCLE 17 (Time=185000)
===============================================================
IF STAGE:
  PC = 0x0020 | Instruction = 0xxxxx
  pc next = 0x0022 | branch taken = 0 | jump = 0 | PCSrc = 00
ID STAGE:
  PC = 0x001e | Instruction = 0xxxxx
  RS = Rx | RT = Rx | RD = Rx
  RD1 = 0xxxxx | RD2 = 0xxxxx
  Control: RegWrite=0 MemRead=0 MemWrite=0 ALUSrc=0 ALUCount=111111 w_spec_regs=10
  Address = xxxx
 regFile 0000
EX STAGE:
  PC = 0x001c
  RS = Rx | RT = Rx | RD = Rx
  Operand1 = 0xxxxx | Operand2 = 0xxxxx
  signed_op1 = 0xxxxx | signed_op2 = 0xxxxx
  ALU Result = 0xxxxx | Zero = 0
  Forward: A=00 B=00
  w_spec_regs=10
  hi = 0 | lo = 0
  branch_target = xxxx | PCSrc = 00
MEM STAGE:
  PC = 0x001a
  ALU Result = 0xxxxx | Write Reg = Rx
  Memory: Read=0 Write=0 | Data = 0xxxxx
  Read Data = 0x0000
  Reg_write = 0 | w_spec_regs=10
  branch_target = xxxx | PCSrc = 00
WB STAGE:
  Write Reg = Rx | Write Data = 0xxxxx
  RegWrite = 0 | MemToReg = 0
  Halt = 0
  w_spec_regs=10
FINAL RESULT = 0xxxxx (x)
===============================================================

===============================================================
               CYCLE 18 (Time=195000)
===============================================================
IF STAGE:
  PC = 0x0022 | Instruction = 0xxxxx
  pc next = 0x0024 | branch taken = 0 | jump = 0 | PCSrc = 00
ID STAGE:
  PC = 0x0020 | Instruction = 0xxxxx
  RS = Rx | RT = Rx | RD = Rx
  RD1 = 0xxxxx | RD2 = 0xxxxx
  Control: RegWrite=0 MemRead=0 MemWrite=0 ALUSrc=0 ALUCount=111111 w_spec_regs=10
  Address = xxxx
 regFile 0000
EX STAGE:
  PC = 0x001e
  RS = Rx | RT = Rx | RD = Rx
  Operand1 = 0xxxxx | Operand2 = 0xxxxx
  signed_op1 = 0xxxxx | signed_op2 = 0xxxxx
  ALU Result = 0xxxxx | Zero = 0
  Forward: A=00 B=00
  w_spec_regs=10
  hi = 0 | lo = 0
  branch_target = xxxx | PCSrc = 00
MEM STAGE:
  PC = 0x001c
  ALU Result = 0xxxxx | Write Reg = Rx
  Memory: Read=0 Write=0 | Data = 0xxxxx
  Read Data = 0x0000
  Reg_write = 0 | w_spec_regs=10
  branch_target = xxxx | PCSrc = 00
WB STAGE:
  Write Reg = Rx | Write Data = 0xxxxx
  RegWrite = 0 | MemToReg = 0
  Halt = 0
  w_spec_regs=10
FINAL RESULT = 0xxxxx (x)
===============================================================

===============================================================
               CYCLE 19 (Time=205000)
===============================================================
IF STAGE:
  PC = 0x0024 | Instruction = 0xxxxx
  pc next = 0x0026 | branch taken = 0 | jump = 0 | PCSrc = 00
ID STAGE:
  PC = 0x0022 | Instruction = 0xxxxx
  RS = Rx | RT = Rx | RD = Rx
  RD1 = 0xxxxx | RD2 = 0xxxxx
  Control: RegWrite=0 MemRead=0 MemWrite=0 ALUSrc=0 ALUCount=111111 w_spec_regs=10
  Address = xxxx
 regFile 0000
EX STAGE:
  PC = 0x0020
  RS = Rx | RT = Rx | RD = Rx
  Operand1 = 0xxxxx | Operand2 = 0xxxxx
  signed_op1 = 0xxxxx | signed_op2 = 0xxxxx
  ALU Result = 0xxxxx | Zero = 0
  Forward: A=00 B=00
  w_spec_regs=10
  hi = 0 | lo = 0
  branch_target = xxxx | PCSrc = 00
MEM STAGE:
  PC = 0x001e
  ALU Result = 0xxxxx | Write Reg = Rx
  Memory: Read=0 Write=0 | Data = 0xxxxx
  Read Data = 0x0000
  Reg_write = 0 | w_spec_regs=10
  branch_target = xxxx | PCSrc = 00
WB STAGE:
  Write Reg = Rx | Write Data = 0xxxxx
  RegWrite = 0 | MemToReg = 0
  Halt = 0
  w_spec_regs=10
FINAL RESULT = 0xxxxx (x)
===============================================================

===============================================================
               CYCLE 20 (Time=215000)
===============================================================
IF STAGE:
  PC = 0x0026 | Instruction = 0xxxxx
  pc next = 0x0028 | branch taken = 0 | jump = 0 | PCSrc = 00
ID STAGE:
  PC = 0x0024 | Instruction = 0xxxxx
  RS = Rx | RT = Rx | RD = Rx
  RD1 = 0xxxxx | RD2 = 0xxxxx
  Control: RegWrite=0 MemRead=0 MemWrite=0 ALUSrc=0 ALUCount=111111 w_spec_regs=10
  Address = xxxx
 regFile 0000
EX STAGE:
  PC = 0x0022
  RS = Rx | RT = Rx | RD = Rx
  Operand1 = 0xxxxx | Operand2 = 0xxxxx
  signed_op1 = 0xxxxx | signed_op2 = 0xxxxx
  ALU Result = 0xxxxx | Zero = 0
  Forward: A=00 B=00
  w_spec_regs=10
  hi = 0 | lo = 0
  branch_target = xxxx | PCSrc = 00
MEM STAGE:
  PC = 0x0020
  ALU Result = 0xxxxx | Write Reg = Rx
  Memory: Read=0 Write=0 | Data = 0xxxxx
  Read Data = 0x0000
  Reg_write = 0 | w_spec_regs=10
  branch_target = xxxx | PCSrc = 00
WB STAGE:
  Write Reg = Rx | Write Data = 0xxxxx
  RegWrite = 0 | MemToReg = 0
  Halt = 0
  w_spec_regs=10
FINAL RESULT = 0xxxxx (x)
===============================================================

===============================================================
               CYCLE 21 (Time=225000)
===============================================================
IF STAGE:
  PC = 0x0028 | Instruction = 0xxxxx
  pc next = 0x002a | branch taken = 0 | jump = 0 | PCSrc = 00
ID STAGE:
  PC = 0x0026 | Instruction = 0xxxxx
  RS = Rx | RT = Rx | RD = Rx
  RD1 = 0xxxxx | RD2 = 0xxxxx
  Control: RegWrite=0 MemRead=0 MemWrite=0 ALUSrc=0 ALUCount=111111 w_spec_regs=10
  Address = xxxx
 regFile 0000
EX STAGE:
  PC = 0x0024
  RS = Rx | RT = Rx | RD = Rx
  Operand1 = 0xxxxx | Operand2 = 0xxxxx
  signed_op1 = 0xxxxx | signed_op2 = 0xxxxx
  ALU Result = 0xxxxx | Zero = 0
  Forward: A=00 B=00
  w_spec_regs=10
  hi = 0 | lo = 0
  branch_target = xxxx | PCSrc = 00
MEM STAGE:
  PC = 0x0022
  ALU Result = 0xxxxx | Write Reg = Rx
  Memory: Read=0 Write=0 | Data = 0xxxxx
  Read Data = 0x0000
  Reg_write = 0 | w_spec_regs=10
  branch_target = xxxx | PCSrc = 00
WB STAGE:
  Write Reg = Rx | Write Data = 0xxxxx
  RegWrite = 0 | MemToReg = 0
  Halt = 0
  w_spec_regs=10
FINAL RESULT = 0xxxxx (x)
===============================================================

===============================================================
               CYCLE 22 (Time=235000)
===============================================================
IF STAGE:
  PC = 0x002a | Instruction = 0xxxxx
  pc next = 0x002c | branch taken = 0 | jump = 0 | PCSrc = 00
ID STAGE:
  PC = 0x0028 | Instruction = 0xxxxx
  RS = Rx | RT = Rx | RD = Rx
  RD1 = 0xxxxx | RD2 = 0xxxxx
  Control: RegWrite=0 MemRead=0 MemWrite=0 ALUSrc=0 ALUCount=111111 w_spec_regs=10
  Address = xxxx
 regFile 0000
EX STAGE:
  PC = 0x0026
  RS = Rx | RT = Rx | RD = Rx
  Operand1 = 0xxxxx | Operand2 = 0xxxxx
  signed_op1 = 0xxxxx | signed_op2 = 0xxxxx
  ALU Result = 0xxxxx | Zero = 0
  Forward: A=00 B=00
  w_spec_regs=10
  hi = 0 | lo = 0
  branch_target = xxxx | PCSrc = 00
MEM STAGE:
  PC = 0x0024
  ALU Result = 0xxxxx | Write Reg = Rx
  Memory: Read=0 Write=0 | Data = 0xxxxx
  Read Data = 0x0000
  Reg_write = 0 | w_spec_regs=10
  branch_target = xxxx | PCSrc = 00
WB STAGE:
  Write Reg = Rx | Write Data = 0xxxxx
  RegWrite = 0 | MemToReg = 0
  Halt = 0
  w_spec_regs=10
FINAL RESULT = 0xxxxx (x)
===============================================================

===============================================================
               CYCLE 23 (Time=245000)
===============================================================
IF STAGE:
  PC = 0x002c | Instruction = 0xxxxx
  pc next = 0x002e | branch taken = 0 | jump = 0 | PCSrc = 00
ID STAGE:
  PC = 0x002a | Instruction = 0xxxxx
  RS = Rx | RT = Rx | RD = Rx
  RD1 = 0xxxxx | RD2 = 0xxxxx
  Control: RegWrite=0 MemRead=0 MemWrite=0 ALUSrc=0 ALUCount=111111 w_spec_regs=10
  Address = xxxx
 regFile 0000
EX STAGE:
  PC = 0x0028
  RS = Rx | RT = Rx | RD = Rx
  Operand1 = 0xxxxx | Operand2 = 0xxxxx
  signed_op1 = 0xxxxx | signed_op2 = 0xxxxx
  ALU Result = 0xxxxx | Zero = 0
  Forward: A=00 B=00
  w_spec_regs=10
  hi = 0 | lo = 0
  branch_target = xxxx | PCSrc = 00
MEM STAGE:
  PC = 0x0026
  ALU Result = 0xxxxx | Write Reg = Rx
  Memory: Read=0 Write=0 | Data = 0xxxxx
  Read Data = 0x0000
  Reg_write = 0 | w_spec_regs=10
  branch_target = xxxx | PCSrc = 00
WB STAGE:
  Write Reg = Rx | Write Data = 0xxxxx
  RegWrite = 0 | MemToReg = 0
  Halt = 0
  w_spec_regs=10
FINAL RESULT = 0xxxxx (x)
===============================================================

===============================================================
               CYCLE 24 (Time=255000)
===============================================================
IF STAGE:
  PC = 0x002e | Instruction = 0xxxxx
  pc next = 0x0030 | branch taken = 0 | jump = 0 | PCSrc = 00
ID STAGE:
  PC = 0x002c | Instruction = 0xxxxx
  RS = Rx | RT = Rx | RD = Rx
  RD1 = 0xxxxx | RD2 = 0xxxxx
  Control: RegWrite=0 MemRead=0 MemWrite=0 ALUSrc=0 ALUCount=111111 w_spec_regs=10
  Address = xxxx
 regFile 0000
EX STAGE:
  PC = 0x002a
  RS = Rx | RT = Rx | RD = Rx
  Operand1 = 0xxxxx | Operand2 = 0xxxxx
  signed_op1 = 0xxxxx | signed_op2 = 0xxxxx
  ALU Result = 0xxxxx | Zero = 0
  Forward: A=00 B=00
  w_spec_regs=10
  hi = 0 | lo = 0
  branch_target = xxxx | PCSrc = 00
MEM STAGE:
  PC = 0x0028
  ALU Result = 0xxxxx | Write Reg = Rx
  Memory: Read=0 Write=0 | Data = 0xxxxx
  Read Data = 0x0000
  Reg_write = 0 | w_spec_regs=10
  branch_target = xxxx | PCSrc = 00
WB STAGE:
  Write Reg = Rx | Write Data = 0xxxxx
  RegWrite = 0 | MemToReg = 0
  Halt = 0
  w_spec_regs=10
FINAL RESULT = 0xxxxx (x)
===============================================================

===============================================================
               CYCLE 25 (Time=265000)
===============================================================
IF STAGE:
  PC = 0x0030 | Instruction = 0xxxxx
  pc next = 0x0032 | branch taken = 0 | jump = 0 | PCSrc = 00
ID STAGE:
  PC = 0x002e | Instruction = 0xxxxx
  RS = Rx | RT = Rx | RD = Rx
  RD1 = 0xxxxx | RD2 = 0xxxxx
  Control: RegWrite=0 MemRead=0 MemWrite=0 ALUSrc=0 ALUCount=111111 w_spec_regs=10
  Address = xxxx
 regFile 0000
EX STAGE:
  PC = 0x002c
  RS = Rx | RT = Rx | RD = Rx
  Operand1 = 0xxxxx | Operand2 = 0xxxxx
  signed_op1 = 0xxxxx | signed_op2 = 0xxxxx
  ALU Result = 0xxxxx | Zero = 0
  Forward: A=00 B=00
  w_spec_regs=10
  hi = 0 | lo = 0
  branch_target = xxxx | PCSrc = 00
MEM STAGE:
  PC = 0x002a
  ALU Result = 0xxxxx | Write Reg = Rx
  Memory: Read=0 Write=0 | Data = 0xxxxx
  Read Data = 0x0000
  Reg_write = 0 | w_spec_regs=10
  branch_target = xxxx | PCSrc = 00
WB STAGE:
  Write Reg = Rx | Write Data = 0xxxxx
  RegWrite = 0 | MemToReg = 0
  Halt = 0
  w_spec_regs=10
FINAL RESULT = 0xxxxx (x)
===============================================================

===============================================================
               CYCLE 26 (Time=275000)
===============================================================
IF STAGE:
  PC = 0x0032 | Instruction = 0xxxxx
  pc next = 0x0034 | branch taken = 0 | jump = 0 | PCSrc = 00
ID STAGE:
  PC = 0x0030 | Instruction = 0xxxxx
  RS = Rx | RT = Rx | RD = Rx
  RD1 = 0xxxxx | RD2 = 0xxxxx
  Control: RegWrite=0 MemRead=0 MemWrite=0 ALUSrc=0 ALUCount=111111 w_spec_regs=10
  Address = xxxx
 regFile 0000
EX STAGE:
  PC = 0x002e
  RS = Rx | RT = Rx | RD = Rx
  Operand1 = 0xxxxx | Operand2 = 0xxxxx
  signed_op1 = 0xxxxx | signed_op2 = 0xxxxx
  ALU Result = 0xxxxx | Zero = 0
  Forward: A=00 B=00
  w_spec_regs=10
  hi = 0 | lo = 0
  branch_target = xxxx | PCSrc = 00
MEM STAGE:
  PC = 0x002c
  ALU Result = 0xxxxx | Write Reg = Rx
  Memory: Read=0 Write=0 | Data = 0xxxxx
  Read Data = 0x0000
  Reg_write = 0 | w_spec_regs=10
  branch_target = xxxx | PCSrc = 00
WB STAGE:
  Write Reg = Rx | Write Data = 0xxxxx
  RegWrite = 0 | MemToReg = 0
  Halt = 0
  w_spec_regs=10
FINAL RESULT = 0xxxxx (x)
===============================================================

===============================================================
               CYCLE 27 (Time=285000)
===============================================================
IF STAGE:
  PC = 0x0034 | Instruction = 0xxxxx
  pc next = 0x0036 | branch taken = 0 | jump = 0 | PCSrc = 00
ID STAGE:
  PC = 0x0032 | Instruction = 0xxxxx
  RS = Rx | RT = Rx | RD = Rx
  RD1 = 0xxxxx | RD2 = 0xxxxx
  Control: RegWrite=0 MemRead=0 MemWrite=0 ALUSrc=0 ALUCount=111111 w_spec_regs=10
  Address = xxxx
 regFile 0000
EX STAGE:
  PC = 0x0030
  RS = Rx | RT = Rx | RD = Rx
  Operand1 = 0xxxxx | Operand2 = 0xxxxx
  signed_op1 = 0xxxxx | signed_op2 = 0xxxxx
  ALU Result = 0xxxxx | Zero = 0
  Forward: A=00 B=00
  w_spec_regs=10
  hi = 0 | lo = 0
  branch_target = xxxx | PCSrc = 00
MEM STAGE:
  PC = 0x002e
  ALU Result = 0xxxxx | Write Reg = Rx
  Memory: Read=0 Write=0 | Data = 0xxxxx
  Read Data = 0x0000
  Reg_write = 0 | w_spec_regs=10
  branch_target = xxxx | PCSrc = 00
WB STAGE:
  Write Reg = Rx | Write Data = 0xxxxx
  RegWrite = 0 | MemToReg = 0
  Halt = 0
  w_spec_regs=10
FINAL RESULT = 0xxxxx (x)
===============================================================

===============================================================
               CYCLE 28 (Time=295000)
===============================================================
IF STAGE:
  PC = 0x0036 | Instruction = 0xxxxx
  pc next = 0x0038 | branch taken = 0 | jump = 0 | PCSrc = 00
ID STAGE:
  PC = 0x0034 | Instruction = 0xxxxx
  RS = Rx | RT = Rx | RD = Rx
  RD1 = 0xxxxx | RD2 = 0xxxxx
  Control: RegWrite=0 MemRead=0 MemWrite=0 ALUSrc=0 ALUCount=111111 w_spec_regs=10
  Address = xxxx
 regFile 0000
EX STAGE:
  PC = 0x0032
  RS = Rx | RT = Rx | RD = Rx
  Operand1 = 0xxxxx | Operand2 = 0xxxxx
  signed_op1 = 0xxxxx | signed_op2 = 0xxxxx
  ALU Result = 0xxxxx | Zero = 0
  Forward: A=00 B=00
  w_spec_regs=10
  hi = 0 | lo = 0
  branch_target = xxxx | PCSrc = 00
MEM STAGE:
  PC = 0x0030
  ALU Result = 0xxxxx | Write Reg = Rx
  Memory: Read=0 Write=0 | Data = 0xxxxx
  Read Data = 0x0000
  Reg_write = 0 | w_spec_regs=10
  branch_target = xxxx | PCSrc = 00
WB STAGE:
  Write Reg = Rx | Write Data = 0xxxxx
  RegWrite = 0 | MemToReg = 0
  Halt = 0
  w_spec_regs=10
FINAL RESULT = 0xxxxx (x)
===============================================================

===============================================================
               CYCLE 29 (Time=305000)
===============================================================
IF STAGE:
  PC = 0x0038 | Instruction = 0xxxxx
  pc next = 0x003a | branch taken = 0 | jump = 0 | PCSrc = 00
ID STAGE:
  PC = 0x0036 | Instruction = 0xxxxx
  RS = Rx | RT = Rx | RD = Rx
  RD1 = 0xxxxx | RD2 = 0xxxxx
  Control: RegWrite=0 MemRead=0 MemWrite=0 ALUSrc=0 ALUCount=111111 w_spec_regs=10
  Address = xxxx
 regFile 0000
EX STAGE:
  PC = 0x0034
  RS = Rx | RT = Rx | RD = Rx
  Operand1 = 0xxxxx | Operand2 = 0xxxxx
  signed_op1 = 0xxxxx | signed_op2 = 0xxxxx
  ALU Result = 0xxxxx | Zero = 0
  Forward: A=00 B=00
  w_spec_regs=10
  hi = 0 | lo = 0
  branch_target = xxxx | PCSrc = 00
MEM STAGE:
  PC = 0x0032
  ALU Result = 0xxxxx | Write Reg = Rx
  Memory: Read=0 Write=0 | Data = 0xxxxx
  Read Data = 0x0000
  Reg_write = 0 | w_spec_regs=10
  branch_target = xxxx | PCSrc = 00
WB STAGE:
  Write Reg = Rx | Write Data = 0xxxxx
  RegWrite = 0 | MemToReg = 0
  Halt = 0
  w_spec_regs=10
FINAL RESULT = 0xxxxx (x)
===============================================================

===============================================================
               CYCLE 30 (Time=315000)
===============================================================
IF STAGE:
  PC = 0x003a | Instruction = 0xxxxx
  pc next = 0x003c | branch taken = 0 | jump = 0 | PCSrc = 00
ID STAGE:
  PC = 0x0038 | Instruction = 0xxxxx
  RS = Rx | RT = Rx | RD = Rx
  RD1 = 0xxxxx | RD2 = 0xxxxx
  Control: RegWrite=0 MemRead=0 MemWrite=0 ALUSrc=0 ALUCount=111111 w_spec_regs=10
  Address = xxxx
 regFile 0000
EX STAGE:
  PC = 0x0036
  RS = Rx | RT = Rx | RD = Rx
  Operand1 = 0xxxxx | Operand2 = 0xxxxx
  signed_op1 = 0xxxxx | signed_op2 = 0xxxxx
  ALU Result = 0xxxxx | Zero = 0
  Forward: A=00 B=00
  w_spec_regs=10
  hi = 0 | lo = 0
  branch_target = xxxx | PCSrc = 00
MEM STAGE:
  PC = 0x0034
  ALU Result = 0xxxxx | Write Reg = Rx
  Memory: Read=0 Write=0 | Data = 0xxxxx
  Read Data = 0x0000
  Reg_write = 0 | w_spec_regs=10
  branch_target = xxxx | PCSrc = 00
WB STAGE:
  Write Reg = Rx | Write Data = 0xxxxx
  RegWrite = 0 | MemToReg = 0
  Halt = 0
  w_spec_regs=10
FINAL RESULT = 0xxxxx (x)
===============================================================

========== SIMULATION FINISHED ==========
$finish called at time : 320 ns : File "D:/pj/PROJECT/PROJECT.srcs/sources_1/new/TOP.v" Line 474
INFO: [USF-XSim-96] XSim completed. Design snapshot 'TOP_tb_behav' loaded.
INFO: [USF-XSim-97] XSim simulation ran for 1000ns
launch_simulation: Time (s): cpu = 00:00:06 ; elapsed = 00:00:06 . Memory (MB): peak = 1572.980 ; gain = 35.418
close_sim
INFO: [Simtcl 6-16] Simulation closed
exit
INFO: [Common 17-206] Exiting Vivado at Thu Jan  8 16:00:30 2026...
