Copyright 1986-2022 Xilinx, Inc. All Rights Reserved. Copyright 2022-2023 Advanced Micro Devices, Inc. All Rights Reserved.
-------------------------------------------------------------------------------------------------------------------------------------------------
| Tool Version     : Vivado v.2023.2 (win64) Build 4029153 Fri Oct 13 20:14:34 MDT 2023
| Date             : Sat Jan 10 22:46:23 2026
| Host             : LAPTOP-L9MC2346 running 64-bit major release  (build 9200)
| Command          : report_power -file TOP_power_routed.rpt -pb TOP_power_summary_routed.pb -rpx TOP_power_routed.rpx
| Design           : TOP
| Device           : xc7z010clg400-1
| Design State     : routed
| Grade            : commercial
| Process          : typical
| Characterization : Production
-------------------------------------------------------------------------------------------------------------------------------------------------

Power Report

Table of Contents
-----------------
1. Summary
1.1 On-Chip Components
1.2 Power Supply Summary
1.3 Confidence Level
2. Settings
2.1 Environment
2.2 Clock Constraints
3. Detailed Reports
3.1 By Hierarchy

1. Summary
----------

+--------------------------+----------------------------------+
| Total On-Chip Power (W)  | 45.682 (Junction temp exceeded!) |
| Design Power Budget (W)  | Unspecified*                     |
| Power Budget Margin (W)  | NA                               |
| Dynamic (W)              | 44.934                           |
| Device Static (W)        | 0.747                            |
| Effective TJA (C/W)      | 11.5                             |
| Max Ambient (C)          | 0.0                              |
| Junction Temperature (C) | 125.0                            |
| Confidence Level         | Low                              |
| Setting File             | ---                              |
| Simulation Activity File | ---                              |
| Design Nets Matched      | NA                               |
+--------------------------+----------------------------------+
* Specify Design Power Budget using, set_operating_conditions -design_power_budget <value in Watts>


1.1 On-Chip Components
----------------------

+--------------------------+-----------+----------+-----------+-----------------+
| On-Chip                  | Power (W) | Used     | Available | Utilization (%) |
+--------------------------+-----------+----------+-----------+-----------------+
| Slice Logic              |    18.807 |     3602 |       --- |             --- |
|   LUT as Logic           |    16.128 |     2104 |     17600 |           11.95 |
|   CARRY4                 |     2.386 |      374 |      4400 |            8.50 |
|   LUT as Distributed RAM |     0.204 |      256 |      6000 |            4.27 |
|   F7/F8 Muxes            |     0.057 |      209 |     17600 |            1.19 |
|   Register               |     0.027 |      420 |     35200 |            1.19 |
|   BUFG                   |     0.006 |        1 |        32 |            3.13 |
|   Others                 |     0.000 |       12 |       --- |             --- |
| Signals                  |    17.713 |     2886 |       --- |             --- |
| DSPs                     |     1.455 |        2 |        80 |            2.50 |
| I/O                      |     6.959 |       40 |       100 |           40.00 |
| Static Power             |     0.747 |          |           |                 |
| Total                    |    45.682 |          |           |                 |
+--------------------------+-----------+----------+-----------+-----------------+


1.2 Power Supply Summary
------------------------

+-----------+-------------+-----------+-------------+------------+-------------+-------------+------------+
| Source    | Voltage (V) | Total (A) | Dynamic (A) | Static (A) | Powerup (A) | Budget (A)  | Margin (A) |
+-----------+-------------+-----------+-------------+------------+-------------+-------------+------------+
| Vccint    |       1.000 |    38.108 |      37.979 |      0.129 |       NA    | Unspecified | NA         |
| Vccaux    |       1.800 |     0.610 |       0.569 |      0.040 |       NA    | Unspecified | NA         |
| Vcco33    |       3.300 |     0.000 |       0.000 |      0.000 |       NA    | Unspecified | NA         |
| Vcco25    |       2.500 |     0.000 |       0.000 |      0.000 |       NA    | Unspecified | NA         |
| Vcco18    |       1.800 |     3.296 |       3.295 |      0.001 |       NA    | Unspecified | NA         |
| Vcco15    |       1.500 |     0.000 |       0.000 |      0.000 |       NA    | Unspecified | NA         |
| Vcco135   |       1.350 |     0.000 |       0.000 |      0.000 |       NA    | Unspecified | NA         |
| Vcco12    |       1.200 |     0.000 |       0.000 |      0.000 |       NA    | Unspecified | NA         |
| Vccaux_io |       1.800 |     0.000 |       0.000 |      0.000 |       NA    | Unspecified | NA         |
| Vccbram   |       1.000 |     0.011 |       0.000 |      0.011 |       NA    | Unspecified | NA         |
| MGTAVcc   |       1.000 |     0.000 |       0.000 |      0.000 |       NA    | Unspecified | NA         |
| MGTAVtt   |       1.200 |     0.000 |       0.000 |      0.000 |       NA    | Unspecified | NA         |
| MGTVccaux |       1.800 |     0.000 |       0.000 |      0.000 |       NA    | Unspecified | NA         |
| Vccpint   |       1.000 |     0.473 |       0.000 |      0.473 |       NA    | Unspecified | NA         |
| Vccpaux   |       1.800 |     0.010 |       0.000 |      0.010 |       NA    | Unspecified | NA         |
| Vccpll    |       1.800 |     0.003 |       0.000 |      0.003 |       NA    | Unspecified | NA         |
| Vcco_ddr  |       1.500 |     0.000 |       0.000 |      0.000 |       NA    | Unspecified | NA         |
| Vcco_mio0 |       1.800 |     0.000 |       0.000 |      0.000 |       NA    | Unspecified | NA         |
| Vcco_mio1 |       1.800 |     0.000 |       0.000 |      0.000 |       NA    | Unspecified | NA         |
| Vccadc    |       1.800 |     0.020 |       0.000 |      0.020 |       NA    | Unspecified | NA         |
+-----------+-------------+-----------+-------------+------------+-------------+-------------+------------+


1.3 Confidence Level
--------------------

+-----------------------------+------------+--------------------------------------------------------+--------------------------------------------------------------------------------------------------------------------+
| User Input Data             | Confidence | Details                                                | Action                                                                                                             |
+-----------------------------+------------+--------------------------------------------------------+--------------------------------------------------------------------------------------------------------------------+
| Design implementation state | High       | Design is routed                                       |                                                                                                                    |
| Clock nodes activity        | Low        | User specified less than 75% of clocks                 | Provide missing clock activity with a constraint file, simulation results or by editing the "By Clock Domain" view |
| I/O nodes activity          | Low        | More than 75% of inputs are missing user specification | Provide missing input activity with simulation results or by editing the "By Resource Type -> I/Os" view           |
| Internal nodes activity     | Medium     | User specified less than 25% of internal nodes         | Provide missing internal nodes activity with simulation results or by editing the "By Resource Type" views         |
| Device models               | High       | Device models are Production                           |                                                                                                                    |
|                             |            |                                                        |                                                                                                                    |
| Overall confidence level    | Low        |                                                        |                                                                                                                    |
+-----------------------------+------------+--------------------------------------------------------+--------------------------------------------------------------------------------------------------------------------+


2. Settings
-----------

2.1 Environment
---------------

+-----------------------+------------------------+
| Ambient Temp (C)      | 25.0                   |
| ThetaJA (C/W)         | 11.5                   |
| Airflow (LFM)         | 250                    |
| Heat Sink             | none                   |
| ThetaSA (C/W)         | 0.0                    |
| Board Selection       | medium (10"x10")       |
| # of Board Layers     | 8to11 (8 to 11 Layers) |
| Board Temperature (C) | 25.0                   |
+-----------------------+------------------------+


2.2 Clock Constraints
---------------------

+-------+--------+-----------------+
| Clock | Domain | Constraint (ns) |
+-------+--------+-----------------+


3. Detailed Reports
-------------------

3.1 By Hierarchy
----------------

+---------------------------------+-----------+
| Name                            | Power (W) |
+---------------------------------+-----------+
| TOP                             |    44.934 |
|   ex_mem_reg                    |     1.045 |
|   ex_stage                      |     1.949 |
|     alu_system                  |     1.949 |
|       alu                       |     1.949 |
|   id_ex_reg                     |    31.828 |
|   id_stage                      |     0.020 |
|     regFile                     |     0.020 |
|   if_id_reg                     |     0.115 |
|   if_stage                      |     0.126 |
|     pc_system                   |     0.126 |
|       add_pc_inst               |     0.033 |
|       pc_inst                   |     0.093 |
|   mem_stage                     |     0.466 |
|     dmem                        |     0.466 |
|       memory_reg_0_255_0_0      |     0.007 |
|       memory_reg_0_255_10_10    |     0.008 |
|       memory_reg_0_255_11_11    |     0.002 |
|       memory_reg_0_255_12_12    |     0.014 |
|       memory_reg_0_255_13_13    |     0.015 |
|       memory_reg_0_255_14_14    |     0.003 |
|       memory_reg_0_255_15_15    |     0.002 |
|       memory_reg_0_255_1_1      |     0.008 |
|       memory_reg_0_255_2_2      |     0.005 |
|       memory_reg_0_255_3_3      |     0.007 |
|       memory_reg_0_255_4_4      |     0.008 |
|       memory_reg_0_255_5_5      |     0.005 |
|       memory_reg_0_255_6_6      |     0.007 |
|       memory_reg_0_255_7_7      |     0.006 |
|       memory_reg_0_255_8_8      |     0.006 |
|       memory_reg_0_255_9_9      |     0.002 |
|       memory_reg_256_511_0_0    |     0.008 |
|       memory_reg_256_511_10_10  |     0.003 |
|       memory_reg_256_511_11_11  |     0.003 |
|       memory_reg_256_511_12_12  |     0.013 |
|       memory_reg_256_511_13_13  |     0.013 |
|       memory_reg_256_511_14_14  |     0.002 |
|       memory_reg_256_511_15_15  |     0.002 |
|       memory_reg_256_511_1_1    |     0.009 |
|       memory_reg_256_511_2_2    |     0.002 |
|       memory_reg_256_511_3_3    |     0.007 |
|       memory_reg_256_511_4_4    |     0.009 |
|       memory_reg_256_511_5_5    |     0.002 |
|       memory_reg_256_511_6_6    |     0.002 |
|       memory_reg_256_511_7_7    |     0.002 |
|       memory_reg_256_511_8_8    |     0.002 |
|       memory_reg_256_511_9_9    |     0.002 |
|       memory_reg_512_767_0_0    |     0.008 |
|       memory_reg_512_767_10_10  |     0.004 |
|       memory_reg_512_767_11_11  |     0.002 |
|       memory_reg_512_767_12_12  |     0.013 |
|       memory_reg_512_767_13_13  |     0.015 |
|       memory_reg_512_767_14_14  |     0.002 |
|       memory_reg_512_767_15_15  |     0.002 |
|       memory_reg_512_767_1_1    |     0.008 |
|       memory_reg_512_767_2_2    |     0.002 |
|       memory_reg_512_767_3_3    |     0.008 |
|       memory_reg_512_767_4_4    |     0.009 |
|       memory_reg_512_767_5_5    |     0.003 |
|       memory_reg_512_767_6_6    |     0.002 |
|       memory_reg_512_767_7_7    |     0.002 |
|       memory_reg_512_767_8_8    |     0.002 |
|       memory_reg_512_767_9_9    |     0.002 |
|       memory_reg_768_1023_0_0   |     0.008 |
|       memory_reg_768_1023_10_10 |     0.003 |
|       memory_reg_768_1023_11_11 |     0.002 |
|       memory_reg_768_1023_12_12 |     0.013 |
|       memory_reg_768_1023_13_13 |     0.013 |
|       memory_reg_768_1023_14_14 |     0.002 |
|       memory_reg_768_1023_15_15 |     0.002 |
|       memory_reg_768_1023_1_1   |     0.008 |
|       memory_reg_768_1023_2_2   |     0.001 |
|       memory_reg_768_1023_3_3   |     0.008 |
|       memory_reg_768_1023_4_4   |     0.008 |
|       memory_reg_768_1023_5_5   |     0.003 |
|       memory_reg_768_1023_6_6   |     0.002 |
|       memory_reg_768_1023_7_7   |     0.002 |
|       memory_reg_768_1023_8_8   |     0.002 |
|       memory_reg_768_1023_9_9   |     0.002 |
|   mem_wb_reg                    |     2.381 |
+---------------------------------+-----------+


